###############################################################################
#                                                                             #
#     IAR Systems ARM Assembler V4.42A/W32 15/Jan/2012  17:37:47              #
#     Copyright 1999-2007 IAR Systems. All rights reserved.                   #
#                                                                             #
#           Source file   =  D:\SVN\SieELF\SieELF\MemControl\java.asm         #
#           List file     =  D:\SVN\SieELF\SieELF\MemControl\S65sw58\List\java.lst#
#           Object file   =  D:\SVN\SieELF\SieELF\MemControl\S65sw58\Obj\java.r79#
#           Command line  =  D:\SVN\SieELF\SieELF\MemControl\java.asm         #
#                            -OD:\SVN\SieELF\SieELF\MemControl\S65sw58\Obj\   #
#                            -s+ -M<> -w+ -DS65sw58                           #
#                            -LD:\SVN\SieELF\SieELF\MemControl\S65sw58\List\  #
#                            -cE -t8 --cpu ARM926EJ-S --fpu None              #
#                            -ID:\Program Files\IAR\Embedded Workbench 4.0 Evaluation\ARM\INC\ #
#                                                                             #
###############################################################################

    1    00000000              //java launch patch
    2    00000000                          
    3    00000000              #include "config\config.h" 
    4    00000000                          
    5    00000000                          RSEG    PATCH_JAVA_BEARER:CODE
    6    00000000                          
    7    00000000                          CODE16
    8    00000000              #ifndef NOTALIGN            
    9    00000000 C046                     NOP
   10    00000002              #endif
   11    00000002                          
   12    00000002 ........                 BLX     java_control
   13    00000006                          
   14    00000000                          RSEG    CODE:CODE
   15    00000000                        
   16    00000000                       
   17    00000000                          CODE32
   18    00000000                          
   19    00000000              java_control:
   20    00000000                          
   21    00000000 00502DE9                 PUSH    {R12,LR}
   22    00000004              #ifndef NOTALIGN
   23    00000004 061F8FE2                 ADR     R1, rap_1    //Reset
                                                        Register R1
   24    00000008              #endif
   25    00000008 24C09FE5                 LDR     R12, =RAMFORPATCHADDR
   26    0000000C 09C0DCE5                 LDRB    R12, [R12, #0x09]
   27    00000010                          
   28    00000010 00005CE3                 CMP     R12, #0x00
   29    00000014 0100000A                 BEQ     end_jc
   30    00000018 18C09FE5                 LDR     R12, =MAINBEARER
   31    0000001C 3CFF2FE1                 BLX     R12
   32    00000020                          
   33    00000020                  end_jc:
   34    00000020                  
   35    00000020 0090BDE8                 POP     {R12,PC}   
   36    00000024              #ifndef NOTALIGN             
   37    00000024                          DATA
   38    00000024                        
   39    00000024 5241505F4245      rap_1: DC8 "RAP_BEARER_1"
                  415245525F31
                  00          
   40    00000031              #endif     
   41    00000031               
   42    00000031                          END
   42.1  00000031 000000                TABLE
   42.2  00000034 1C0200A8             Reference on line 25 
   42.3  00000038 E47882A0             Reference on line 30 
   42.4  0000003C                      END (including table)
##############################
#          CRC:B863          #
#        Errors:   0         #
#        Warnings: 0         #
#         Bytes: 66          #
##############################



