##############################################################################
#                                                                            #
# IAR ARM ANSI C/C++ Compiler V4.42A/W32 EVALUATION    14/Feb/2012  15:39:31 #
# Copyright 1999-2005 IAR Systems. All rights reserved.                      #
#                                                                            #
#    Cpu mode        =  interwork                                            #
#    Endian          =  little                                               #
#    Stack alignment =  4                                                    #
#    Source file     =  D:\SVN\SieELF\SieELF\x65_PCM_Player\Player\MOD\Judas #
#                       \JUDASTBL.C                                          #
#    Command line    =  D:\SVN\SieELF\SieELF\x65_PCM_Player\Player\MOD\Judas #
#                       \JUDASTBL.C -D NDEBUG -lC                            #
#                       D:\SVN\SieELF\SieELF\x65_PCM_Player\Player\Release\L #
#                       ist\ -lA D:\SVN\SieELF\SieELF\x65_PCM_Player\Player\ #
#                       Release\List\ -o D:\SVN\SieELF\SieELF\x65_PCM_Player #
#                       \Player\Release\Obj\ -s9 --cpu_mode arm --endian     #
#                       little --cpu ARM926EJ-S --stack_align 4 --interwork  #
#                       -e --fpu None --dlib_config "D:\Program              #
#                       Files\IAR\Embedded Workbench 4.0                     #
#                       Evaluation\ARM\LIB\dl5tpainl8n.h" --preinclude       #
#                       swilib.h -I "D:\Program Files\IAR\Embedded           #
#                       Workbench 4.0 Evaluation\ARM\INC\"                   #
#                       --inline_threshold=16                                #
#    List file       =  D:\SVN\SieELF\SieELF\x65_PCM_Player\Player\Release\L #
#                       ist\JUDASTBL.lst                                     #
#    Object file     =  D:\SVN\SieELF\SieELF\x65_PCM_Player\Player\Release\O #
#                       bj\JUDASTBL.r79                                      #
#                                                                            #
#                                                                            #
##############################################################################

D:\SVN\SieELF\SieELF\x65_PCM_Player\Player\MOD\Judas\JUDASTBL.C
      1          /*
      2           * Moduleplayer tables + a routine to lock them
      3           *
      4           * NOTE: none of these tables have been illegally ripped from another players'
      5           * source code. All are either calculated, taken from the "official" module
      6           * format textfiles or just figured out by myself.
      7           *
      8           * If you need these, rip these! Blasphemy-ware rulez!
      9           */
     10          
     11          
     12          
     13          /* Multi retrig tables */

   \                                 In segment DATA_I, align 4, align-sorted
     14          signed char retrigaddtable[] =
   \                     retrigaddtable:
   \   00000000                      DS8 16
   \   00000010                      REQUIRE `?<Initializer for retrigaddtable>`
     15          {
     16                  0, -1, -2, -4, -8, -16, 0, 0, 0, +1, +2, +4, +8, +16, 0, 0
     17          };

   \                                 In segment DATA_I, align 4, align-sorted
     18          signed char retrigmultable[] =
   \                     retrigmultable:
   \   00000000                      DS8 16
   \   00000010                      REQUIRE `?<Initializer for retrigmultable>`
     19          {
     20                  0, 0, 0, 0, 0, 0, 11, 8, 0, 0, 0, 0, 0, 0, 24, 32
     21          };
     22          
     23          /* Vibrato tables (used both for normal & instrument vibrato) */

   \                                 In segment DATA_I, align 4, align-sorted
     24          signed char vibratotable[4][256] =
   \                     vibratotable:
   \   00000000                      DS8 1024
   \   00000400                      REQUIRE `?<Initializer for vibratotable>`
     25          {
     26                  {
     27                          0, -2, -3, -5, -6, -8, -9, -11, -12, -14, -16, -17, -19, -20, -22, -23,
     28                          -24, -26, -27, -29, -30, -32, -33, -34, -36, -37, -38, -39, -41, -42, -43, -44,
     29                          -45, -46, -47, -48, -49, -50, -51, -52, -53, -54, -55, -56, -56, -57, -58, -59,
     30                          -59, -60, -60, -61, -61, -62, -62, -62, -63, -63, -63, -64, -64, -64, -64, -64,
     31                          -64, -64, -64, -64, -64, -64, -63, -63, -63, -62, -62, -62, -61, -61, -60, -60,
     32                          -59, -59, -58, -57, -56, -56, -55, -54, -53, -52, -51, -50, -49, -48, -47, -46,
     33                          -45, -44, -43, -42, -41, -39, -38, -37, -36, -34, -33, -32, -30, -29, -27, -26,
     34                          -24, -23, -22, -20, -19, -17, -16, -14, -12, -11, -9, -8, -6, -5, -3, -2,
     35                          0, 2, 3, 5, 6, 8, 9, 11, 12, 14, 16, 17, 19, 20, 22, 23,
     36                          24, 26, 27, 29, 30, 32, 33, 34, 36, 37, 38, 39, 41, 42, 43, 44,
     37                          45, 46, 47, 48, 49, 50, 51, 52, 53, 54, 55, 56, 56, 57, 58, 59,
     38                          59, 60, 60, 61, 61, 62, 62, 62, 63, 63, 63, 64, 64, 64, 64, 64,
     39                          64, 64, 64, 64, 64, 64, 63, 63, 63, 62, 62, 62, 61, 61, 60, 60,
     40                          59, 59, 58, 57, 56, 56, 55, 54, 53, 52, 51, 50, 49, 48, 47, 46,
     41                          45, 44, 43, 42, 41, 39, 38, 37, 36, 34, 33, 32, 30, 29, 27, 26,
     42                          24, 23, 22, 20, 19, 17, 16, 14, 12, 11, 9, 8, 6, 5, 3, 2
     43                  },
     44                  {
     45                          64, 64, 64, 64, 64, 64, 64, 64, 64, 64, 64, 64, 64, 64, 64, 64,
     46                          64, 64, 64, 64, 64, 64, 64, 64, 64, 64, 64, 64, 64, 64, 64, 64,
     47                          64, 64, 64, 64, 64, 64, 64, 64, 64, 64, 64, 64, 64, 64, 64, 64,
     48                          64, 64, 64, 64, 64, 64, 64, 64, 64, 64, 64, 64, 64, 64, 64, 64,
     49                          64, 64, 64, 64, 64, 64, 64, 64, 64, 64, 64, 64, 64, 64, 64, 64,
     50                          64, 64, 64, 64, 64, 64, 64, 64, 64, 64, 64, 64, 64, 64, 64, 64,
     51                          64, 64, 64, 64, 64, 64, 64, 64, 64, 64, 64, 64, 64, 64, 64, 64,
     52                          64, 64, 64, 64, 64, 64, 64, 64, 64, 64, 64, 64, 64, 64, 64, 64,
     53                          -64, -64, -64, -64, -64, -64, -64, -64, -64, -64, -64, -64, -64, -64, -64, -64,
     54                          -64, -64, -64, -64, -64, -64, -64, -64, -64, -64, -64, -64, -64, -64, -64, -64,
     55                          -64, -64, -64, -64, -64, -64, -64, -64, -64, -64, -64, -64, -64, -64, -64, -64,
     56                          -64, -64, -64, -64, -64, -64, -64, -64, -64, -64, -64, -64, -64, -64, -64, -64,
     57                          -64, -64, -64, -64, -64, -64, -64, -64, -64, -64, -64, -64, -64, -64, -64, -64,
     58                          -64, -64, -64, -64, -64, -64, -64, -64, -64, -64, -64, -64, -64, -64, -64, -64,
     59                          -64, -64, -64, -64, -64, -64, -64, -64, -64, -64, -64, -64, -64, -64, -64, -64,
     60                          -64, -64, -64, -64, -64, -64, -64, -64, -64, -64, -64, -64, -64, -64, -64, -64
     61                  },
     62                  {
     63                          0, 0, 1, 1, 2, 2, 3, 3, 4, 4, 5, 5, 6, 6, 7, 7,
     64                          8, 8, 9, 9, 10, 10, 11, 11, 12, 12, 13, 13, 14, 14, 15, 15,
     65                          16, 16, 17, 17, 18, 18, 19, 19, 20, 20, 21, 21, 22, 22, 23, 23,
     66                          24, 24, 25, 25, 26, 26, 27, 27, 28, 28, 29, 29, 30, 30, 31, 31,
     67                          32, 32, 33, 33, 34, 34, 35, 35, 36, 36, 37, 37, 38, 38, 39, 39,
     68                          40, 40, 41, 41, 42, 42, 43, 43, 44, 44, 45, 45, 46, 46, 47, 47,
     69                          48, 48, 49, 49, 50, 50, 51, 51, 52, 52, 53, 53, 54, 54, 55, 55,
     70                          56, 56, 57, 57, 58, 58, 59, 59, 60, 60, 61, 61, 62, 62, 63, 63,
     71                          -64, -64, -63, -63, -62, -62, -61, -61, -60, -60, -59, -59, -58, -58, -57, -57,
     72                          -56, -56, -55, -55, -54, -54, -53, -53, -52, -52, -51, -51, -50, -50, -49, -49,
     73                          -48, -48, -47, -47, -46, -46, -45, -45, -44, -44, -43, -43, -42, -42, -41, -41,
     74                          -40, -40, -39, -39, -38, -38, -37, -37, -36, -36, -35, -35, -34, -34, -33, -33,
     75                          -32, -32, -31, -31, -30, -30, -29, -29, -28, -28, -27, -27, -26, -26, -25, -25,
     76                          -24, -24, -23, -23, -22, -22, -21, -21, -20, -20, -19, -19, -18, -18, -17, -17,
     77                          -16, -16, -15, -15, -14, -14, -13, -13, -12, -12, -11, -11, -10, -10, -9, -9,
     78                          -8, -8, -7, -7, -6, -6, -5, -5, -4, -4, -3, -3, -2, -2, -1, -1
     79                  },
     80                  {
     81                          0, 0, -1, -1, -2, -2, -3, -3, -4, -4, -5, -5, -6, -6, -7, -7,
     82                          -8, -8, -9, -9, -10, -10, -11, -11, -12, -12, -13, -13, -14, -14, -15, -15,
     83                          -16, -16, -17, -17, -18, -18, -19, -19, -20, -20, -21, -21, -22, -22, -23, -23,
     84                          -24, -24, -25, -25, -26, -26, -27, -27, -28, -28, -29, -29, -30, -30, -31, -31,
     85                          -32, -32, -33, -33, -34, -34, -35, -35, -36, -36, -37, -37, -38, -38, -39, -39,
     86                          -40, -40, -41, -41, -42, -42, -43, -43, -44, -44, -45, -45, -46, -46, -47, -47,
     87                          -48, -48, -49, -49, -50, -50, -51, -51, -52, -52, -53, -53, -54, -54, -55, -55,
     88                          -56, -56, -57, -57, -58, -58, -59, -59, -60, -60, -61, -61, -62, -62, -63, -63,
     89                          64, 64, 63, 63, 62, 62, 61, 61, 60, 60, 59, 59, 58, 58, 57, 57,
     90                          56, 56, 55, 55, 54, 54, 53, 53, 52, 52, 51, 51, 50, 50, 49, 49,
     91                          48, 48, 47, 47, 46, 46, 45, 45, 44, 44, 43, 43, 42, 42, 41, 41,
     92                          40, 40, 39, 39, 38, 38, 37, 37, 36, 36, 35, 35, 34, 34, 33, 33,
     93                          32, 32, 31, 31, 30, 30, 29, 29, 28, 28, 27, 27, 26, 26, 25, 25,
     94                          24, 24, 23, 23, 22, 22, 21, 21, 20, 20, 19, 19, 18, 18, 17, 17,
     95                          16, 16, 15, 15, 14, 14, 13, 13, 12, 12, 11, 11, 10, 10, 9, 9,
     96                          8, 8, 7, 7, 6, 6, 5, 5, 4, 4, 3, 3, 2, 2, 1, 1
     97                  }
     98          };
     99          
    100          /* XM linear frequency table */

   \                                 In segment DATA_I, align 4, align-sorted
    101          unsigned linearfreqtable[] =
   \                     linearfreqtable:
   \   00000000                      DS8 3072
   \   00000C00                      REQUIRE `?<Initializer for linearfreqtable>`
    102          {
    103                  535232, 534749, 534266, 533784, 533303, 532822, 532341, 531861, 531381, 530902,
    104                  530423, 529944, 529466, 528988, 528511, 528034, 527558, 527082, 526607, 526131,
    105                  525657, 525183, 524709, 524236, 523763, 523290, 522818, 522346, 521875, 521404,
    106                  520934, 520464, 519994, 519525, 519057, 518588, 518121, 517653, 517186, 516720,
    107                  516253, 515788, 515322, 514858, 514393, 513929, 513465, 513002, 512539, 512077,
    108                  511615, 511154, 510692, 510232, 509771, 509312, 508852, 508393, 507934, 507476,
    109                  507018, 506561, 506104, 505647, 505191, 504735, 504280, 503825, 503371, 502917,
    110                  502463, 502010, 501557, 501104, 500652, 500201, 499749, 499298, 498848, 498398,
    111                  497948, 497499, 497050, 496602, 496154, 495706, 495259, 494812, 494366, 493920,
    112                  493474, 493029, 492585, 492140, 491696, 491253, 490809, 490367, 489924, 489482,
    113                  489041, 488600, 488159, 487718, 487278, 486839, 486400, 485961, 485522, 485084,
    114                  484647, 484210, 483773, 483336, 482900, 482465, 482029, 481595, 481160, 480726,
    115                  480292, 479859, 479426, 478994, 478562, 478130, 477699, 477268, 476837, 476407,
    116                  475977, 475548, 475119, 474690, 474262, 473834, 473407, 472979, 472553, 472126,
    117                  471701, 471275, 470850, 470425, 470001, 469577, 469153, 468730, 468307, 467884,
    118                  467462, 467041, 466619, 466198, 465778, 465358, 464938, 464518, 464099, 463681,
    119                  463262, 462844, 462427, 462010, 461593, 461177, 460760, 460345, 459930, 459515,
    120                  459100, 458686, 458272, 457859, 457446, 457033, 456621, 456209, 455797, 455386,
    121                  454975, 454565, 454155, 453745, 453336, 452927, 452518, 452110, 451702, 451294,
    122                  450887, 450481, 450074, 449668, 449262, 448857, 448452, 448048, 447644, 447240,
    123                  446836, 446433, 446030, 445628, 445226, 444824, 444423, 444022, 443622, 443221,
    124                  442821, 442422, 442023, 441624, 441226, 440828, 440430, 440033, 439636, 439239,
    125                  438843, 438447, 438051, 437656, 437261, 436867, 436473, 436079, 435686, 435293,
    126                  434900, 434508, 434116, 433724, 433333, 432942, 432551, 432161, 431771, 431382,
    127                  430992, 430604, 430215, 429827, 429439, 429052, 428665, 428278, 427892, 427506,
    128                  427120, 426735, 426350, 425965, 425581, 425197, 424813, 424430, 424047, 423665,
    129                  423283, 422901, 422519, 422138, 421757, 421377, 420997, 420617, 420237, 419858,
    130                  419479, 419101, 418723, 418345, 417968, 417591, 417214, 416838, 416462, 416086,
    131                  415711, 415336, 414961, 414586, 414212, 413839, 413465, 413092, 412720, 412347,
    132                  411975, 411604, 411232, 410862, 410491, 410121, 409751, 409381, 409012, 408643,
    133                  408274, 407906, 407538, 407170, 406803, 406436, 406069, 405703, 405337, 404971,
    134                  404606, 404241, 403876, 403512, 403148, 402784, 402421, 402058, 401695, 401333,
    135                  400970, 400609, 400247, 399886, 399525, 399165, 398805, 398445, 398086, 397727,
    136                  397368, 397009, 396651, 396293, 395936, 395579, 395222, 394865, 394509, 394153,
    137                  393798, 393442, 393087, 392733, 392378, 392024, 391671, 391317, 390964, 390612,
    138                  390259, 389907, 389556, 389204, 388853, 388502, 388152, 387802, 387452, 387102,
    139                  386753, 386404, 386056, 385707, 385359, 385012, 384664, 384317, 383971, 383624,
    140                  383278, 382932, 382587, 382242, 381897, 381552, 381208, 380864, 380521, 380177,
    141                  379834, 379492, 379149, 378807, 378466, 378124, 377783, 377442, 377102, 376762,
    142                  376422, 376082, 375743, 375404, 375065, 374727, 374389, 374051, 373714, 373377,
    143                  373040, 372703, 372367, 372031, 371695, 371360, 371025, 370690, 370356, 370022,
    144                  369688, 369355, 369021, 368688, 368356, 368023, 367691, 367360, 367028, 366697,
    145                  366366, 366036, 365706, 365376, 365046, 364717, 364388, 364059, 363731, 363403,
    146                  363075, 362747, 362420, 362093, 361766, 361440, 361114, 360788, 360463, 360137,
    147                  359813, 359488, 359164, 358840, 358516, 358193, 357869, 357547, 357224, 356902,
    148                  356580, 356258, 355937, 355616, 355295, 354974, 354654, 354334, 354014, 353695,
    149                  353376, 353057, 352739, 352420, 352103, 351785, 351468, 351150, 350834, 350517,
    150                  350201, 349885, 349569, 349254, 348939, 348624, 348310, 347995, 347682, 347368,
    151                  347055, 346741, 346429, 346116, 345804, 345492, 345180, 344869, 344558, 344247,
    152                  343936, 343626, 343316, 343006, 342697, 342388, 342079, 341770, 341462, 341154,
    153                  340846, 340539, 340231, 339924, 339618, 339311, 339005, 338700, 338394, 338089,
    154                  337784, 337479, 337175, 336870, 336566, 336263, 335959, 335656, 335354, 335051,
    155                  334749, 334447, 334145, 333844, 333542, 333242, 332941, 332641, 332341, 332041,
    156                  331741, 331442, 331143, 330844, 330546, 330247, 329950, 329652, 329355, 329057,
    157                  328761, 328464, 328168, 327872, 327576, 327280, 326985, 326690, 326395, 326101,
    158                  325807, 325513, 325219, 324926, 324633, 324340, 324047, 323755, 323463, 323171,
    159                  322879, 322588, 322297, 322006, 321716, 321426, 321136, 320846, 320557, 320267,
    160                  319978, 319690, 319401, 319113, 318825, 318538, 318250, 317963, 317676, 317390,
    161                  317103, 316817, 316532, 316246, 315961, 315676, 315391, 315106, 314822, 314538,
    162                  314254, 313971, 313688, 313405, 313122, 312839, 312557, 312275, 311994, 311712,
    163                  311431, 311150, 310869, 310589, 310309, 310029, 309749, 309470, 309190, 308911,
    164                  308633, 308354, 308076, 307798, 307521, 307243, 306966, 306689, 306412, 306136,
    165                  305860, 305584, 305308, 305033, 304758, 304483, 304208, 303934, 303659, 303385,
    166                  303112, 302838, 302565, 302292, 302019, 301747, 301475, 301203, 300931, 300660,
    167                  300388, 300117, 299847, 299576, 299306, 299036, 298766, 298497, 298227, 297958,
    168                  297689, 297421, 297153, 296884, 296617, 296349, 296082, 295815, 295548, 295281,
    169                  295015, 294749, 294483, 294217, 293952, 293686, 293421, 293157, 292892, 292628,
    170                  292364, 292100, 291837, 291574, 291311, 291048, 290785, 290523, 290261, 289999,
    171                  289737, 289476, 289215, 288954, 288693, 288433, 288173, 287913, 287653, 287393,
    172                  287134, 286875, 286616, 286358, 286099, 285841, 285583, 285326, 285068, 284811,
    173                  284554, 284298, 284041, 283785, 283529, 283273, 283017, 282762, 282507, 282252,
    174                  281998, 281743, 281489, 281235, 280981, 280728, 280475, 280222, 279969, 279716,
    175                  279464, 279212, 278960, 278708, 278457, 278206, 277955, 277704, 277453, 277203,
    176                  276953, 276703, 276453, 276204, 275955, 275706, 275457, 275209, 274960, 274712,
    177                  274465, 274217, 273970, 273722, 273476, 273229, 272982, 272736, 272490, 272244,
    178                  271999, 271753, 271508, 271263, 271018, 270774, 270530, 270286, 270042, 269798,
    179                  269555, 269312, 269069, 268826, 268583, 268341, 268099, 267857
    180          };
    181          
    182          /* Period table for S3Ms */

   \                                 In segment DATA_I, align 4, align-sorted
    183          unsigned short s3mperiodtable[] =
   \                     s3mperiodtable:
   \   00000000                      DS8 24
   \   00000018                      REQUIRE `?<Initializer for s3mperiodtable>`
    184          {
    185                  1712, 1616, 1524, 1440, 1356, 1280, 1208, 1140, 1076, 1016, 960, 907
    186          };
    187          
    188          /* Period table for MODs, lowest octave (0) with all finetunes */

   \                                 In segment DATA_I, align 4, align-sorted
    189          unsigned short periodtable[16][12] =
   \                     periodtable:
   \   00000000                      DS8 384
   \   00000180                      REQUIRE `?<Initializer for periodtable>`
    190          {
    191                  {6848, 6464, 6096, 5760, 5424, 5120, 4832, 4560, 4304, 4064, 3840, 3624},
    192                  {6800, 6416, 6056, 5720, 5392, 5096, 4808, 4536, 4280, 4040, 3816, 3600},
    193                  {6752, 6368, 6016, 5672, 5360, 5056, 4776, 4504, 4256, 4016, 3792, 3576},
    194                  {6704, 6328, 5968, 5632, 5320, 5024, 4736, 4472, 4224, 3984, 3760, 3552},
    195                  {6656, 6280, 5928, 5592, 5280, 4984, 4704, 4440, 4192, 3960, 3736, 3528},
    196                  {6608, 6232, 5888, 5552, 5240, 4952, 4672, 4408, 4160, 3928, 3704, 3496},
    197                  {6560, 6192, 5840, 5512, 5208, 4912, 4640, 4376, 4128, 3896, 3680, 3472},
    198                  {6512, 6144, 5800, 5472, 5168, 4880, 4600, 4344, 4104, 3872, 3656, 3448},
    199                  {7256, 6848, 6464, 6096, 5760, 5424, 5120, 4832, 4560, 4304, 4032, 3840},
    200                  {7200, 6800, 6416, 6056, 5720, 5400, 5088, 4808, 4536, 4280, 4040, 3816},
    201                  {7152, 6752, 6368, 6016, 5672, 5360, 5056, 4776, 4504, 4256, 4016, 3792},
    202                  {7096, 6704, 6328, 5968, 5632, 5320, 5024, 4736, 4472, 4224, 3984, 3760},
    203                  {7048, 6656, 6280, 5928, 5592, 5280, 4984, 4704, 4440, 4192, 3952, 3736},
    204                  {7000, 6608, 6232, 5888, 5552, 5240, 4952, 4672, 4408, 4160, 3928, 3704},
    205                  {6944, 6560, 6192, 5840, 5512, 5208, 4912, 4640, 4376, 4128, 3896, 3680},
    206                  {6896, 6512, 6144, 5800, 5472, 5168, 4880, 4600, 4344, 4104, 3872, 3656}
    207          };
    208          
    209          /* S3M Set Finetune values */

   \                                 In segment DATA_I, align 4, align-sorted
    210          unsigned short s3mfinetunetable[] =
   \                     s3mfinetunetable:
   \   00000000                      DS8 32
   \   00000020                      REQUIRE `?<Initializer for s3mfinetunetable>`
    211          {
    212                  7895, 7941, 7985, 8046, 8107, 8169, 8232, 8280, 8363, 8413, 8463, 8529,
    213                  8581, 8651, 8723, 8757
    214          };
    215          
    216          /*
    217           * Conversion table from XM instr. vibrato types to standard vibrato types
    218           * NOTE: Random isn't implemented, who needs it?!
    219           */

   \                                 In segment DATA_I, align 4, align-sorted
    220          unsigned char vibratotypetable[] =
   \                     vibratotypetable:
   \   00000000                      DS8 4
   \   00000004                      REQUIRE `?<Initializer for vibratotypetable>`
    221          {
    222                  0, 2, 1, 0
    223          };
    224          
    225          /* XM Amiga frequency table. */

   \                                 In segment DATA_I, align 4, align-sorted
    226          unsigned amigafreqtable[] =
   \                     amigafreqtable:
   \   00000000                      DS8 420
   \   000001A4                      REQUIRE `?<Initializer for amigafreqtable>`

   \                                 In segment DATA_ID, align 4, align-sorted
   \                     `?<Initializer for retrigaddtable>`:
   \   00000000   00FFFEFCF8F0       DC8 0, -1, -2, -4, -8, -16, 0, 0, 0, 1, 2, 4, 8, 16, 0, 0
   \              000000010204
   \              08100000    

   \                                 In segment DATA_ID, align 4, align-sorted
   \                     `?<Initializer for retrigmultable>`:
   \   00000000   000000000000       DC8 0, 0, 0, 0, 0, 0, 11, 8, 0, 0, 0, 0, 0, 0, 24, 32
   \              0B0800000000
   \              00001820    

   \                                 In segment DATA_ID, align 4, align-sorted
   \                     `?<Initializer for vibratotable>`:
   \   00000000   00FEFDFBFAF8       DC8 0, -2, -3, -5, -6, -8, -9, -11, -12, -14, -16, -17, -19, -20, -22
   \              F7F5F4F2F0EF
   \              EDECEA      
   \   0000000F   E9E8E6E5E3E2       DC8 -23, -24, -26, -27, -29, -30, -32, -33, -34, -36, -37, -38, -39
   \              E0DFDEDCDBDA
   \              D9          
   \   0000001C   D7D6D5D4D3D2       DC8 -41, -42, -43, -44, -45, -46, -47, -48, -49, -50, -51, -52, -53
   \              D1D0CFCECDCC
   \              CB          
   \   00000029   CAC9C8C8C7C6       DC8 -54, -55, -56, -56, -57, -58, -59, -59, -60, -60, -61, -61, -62
   \              C5C5C4C4C3C3
   \              C2          
   \   00000036   C2C2C1C1C1C0       DC8 -62, -62, -63, -63, -63, -64, -64, -64, -64, -64, -64, -64, -64
   \              C0C0C0C0C0C0
   \              C0          
   \   00000043   C0C0C0C1C1C1       DC8 -64, -64, -64, -63, -63, -63, -62, -62, -62, -61, -61, -60, -60
   \              C2C2C2C3C3C4
   \              C4          
   \   00000050   C5C5C6C7C8C8       DC8 -59, -59, -58, -57, -56, -56, -55, -54, -53, -52, -51, -50, -49
   \              C9CACBCCCDCE
   \              CF          
   \   0000005D   D0D1D2D3D4D5       DC8 -48, -47, -46, -45, -44, -43, -42, -41, -39, -38, -37, -36, -34
   \              D6D7D9DADBDC
   \              DE          
   \   0000006A   DFE0E2E3E5E6       DC8 -33, -32, -30, -29, -27, -26, -24, -23, -22, -20, -19, -17, -16
   \              E8E9EAECEDEF
   \              F0          
   \   00000077   F2F4F5F7F8FA       DC8 -14, -12, -11, -9, -8, -6, -5, -3, -2, 0, 2, 3, 5, 6, 8, 9, 11, 12
   \              FBFDFE000203
   \              050608090B0C
   \   00000089   0E1011131416       DC8 14, 16, 17, 19, 20, 22, 23, 24, 26, 27, 29, 30, 32, 33, 34, 36, 37
   \              17181A1B1D1E
   \              2021222425  
   \   0000009A   2627292A2B2C       DC8 38, 39, 41, 42, 43, 44, 45, 46, 47, 48, 49, 50, 51, 52, 53, 54, 55
   \              2D2E2F303132
   \              3334353637  
   \   000000AB   3838393A3B3B       DC8 56, 56, 57, 58, 59, 59, 60, 60, 61, 61, 62, 62, 62, 63, 63, 63, 64
   \              3C3C3D3D3E3E
   \              3E3F3F3F40  
   \   000000BC   404040404040       DC8 64, 64, 64, 64, 64, 64, 64, 64, 64, 64, 63, 63, 63, 62, 62, 62, 61
   \              404040403F3F
   \              3F3E3E3E3D  
   \   000000CD   3D3C3C3B3B3A       DC8 61, 60, 60, 59, 59, 58, 57, 56, 56, 55, 54, 53, 52, 51, 50, 49, 48
   \              393838373635
   \              3433323130  
   \   000000DE   2F2E2D2C2B2A       DC8 47, 46, 45, 44, 43, 42, 41, 39, 38, 37, 36, 34, 33, 32, 30, 29, 27
   \              292726252422
   \              21201E1D1B  
   \   000000EF   1A1817161413       DC8 26, 24, 23, 22, 20, 19, 17, 16, 14, 12, 11, 9, 8, 6, 5, 3, 2, 64
   \              11100E0C0B09
   \              080605030240
   \   00000101   404040404040       DC8 64, 64, 64, 64, 64, 64, 64, 64, 64, 64, 64, 64, 64, 64, 64, 64, 64
   \              404040404040
   \              4040404040  
   \   00000112   404040404040       DC8 64, 64, 64, 64, 64, 64, 64, 64, 64, 64, 64, 64, 64, 64, 64, 64, 64
   \              404040404040
   \              4040404040  
   \   00000123   404040404040       DC8 64, 64, 64, 64, 64, 64, 64, 64, 64, 64, 64, 64, 64, 64, 64, 64, 64
   \              404040404040
   \              4040404040  
   \   00000134   404040404040       DC8 64, 64, 64, 64, 64, 64, 64, 64, 64, 64, 64, 64, 64, 64, 64, 64, 64
   \              404040404040
   \              4040404040  
   \   00000145   404040404040       DC8 64, 64, 64, 64, 64, 64, 64, 64, 64, 64, 64, 64, 64, 64, 64, 64, 64
   \              404040404040
   \              4040404040  
   \   00000156   404040404040       DC8 64, 64, 64, 64, 64, 64, 64, 64, 64, 64, 64, 64, 64, 64, 64, 64, 64
   \              404040404040
   \              4040404040  
   \   00000167   404040404040       DC8 64, 64, 64, 64, 64, 64, 64, 64, 64, 64, 64, 64, 64, 64, 64, 64, 64
   \              404040404040
   \              4040404040  
   \   00000178   404040404040       DC8 64, 64, 64, 64, 64, 64, 64, 64, -64, -64, -64, -64, -64, -64, -64
   \              4040C0C0C0C0
   \              C0C0C0      
   \   00000187   C0C0C0C0C0C0       DC8 -64, -64, -64, -64, -64, -64, -64, -64, -64, -64, -64, -64, -64
   \              C0C0C0C0C0C0
   \              C0          
   \   00000194   C0C0C0C0C0C0       DC8 -64, -64, -64, -64, -64, -64, -64, -64, -64, -64, -64, -64, -64
   \              C0C0C0C0C0C0
   \              C0          
   \   000001A1   C0C0C0C0C0C0       DC8 -64, -64, -64, -64, -64, -64, -64, -64, -64, -64, -64, -64, -64
   \              C0C0C0C0C0C0
   \              C0          
   \   000001AE   C0C0C0C0C0C0       DC8 -64, -64, -64, -64, -64, -64, -64, -64, -64, -64, -64, -64, -64
   \              C0C0C0C0C0C0
   \              C0          
   \   000001BB   C0C0C0C0C0C0       DC8 -64, -64, -64, -64, -64, -64, -64, -64, -64, -64, -64, -64, -64
   \              C0C0C0C0C0C0
   \              C0          
   \   000001C8   C0C0C0C0C0C0       DC8 -64, -64, -64, -64, -64, -64, -64, -64, -64, -64, -64, -64, -64
   \              C0C0C0C0C0C0
   \              C0          
   \   000001D5   C0C0C0C0C0C0       DC8 -64, -64, -64, -64, -64, -64, -64, -64, -64, -64, -64, -64, -64
   \              C0C0C0C0C0C0
   \              C0          
   \   000001E2   C0C0C0C0C0C0       DC8 -64, -64, -64, -64, -64, -64, -64, -64, -64, -64, -64, -64, -64
   \              C0C0C0C0C0C0
   \              C0          
   \   000001EF   C0C0C0C0C0C0       DC8 -64, -64, -64, -64, -64, -64, -64, -64, -64, -64, -64, -64, -64
   \              C0C0C0C0C0C0
   \              C0          
   \   000001FC   C0C0C0C00000       DC8 -64, -64, -64, -64, 0, 0, 1, 1, 2, 2, 3, 3, 4, 4, 5, 5, 6, 6, 7, 7
   \              010102020303
   \              040405050606
   \              0707        
   \   00000210   080809090A0A       DC8 8, 8, 9, 9, 10, 10, 11, 11, 12, 12, 13, 13, 14, 14, 15, 15, 16, 16
   \              0B0B0C0C0D0D
   \              0E0E0F0F1010
   \   00000222   111112121313       DC8 17, 17, 18, 18, 19, 19, 20, 20, 21, 21, 22, 22, 23, 23, 24, 24, 25
   \              141415151616
   \              1717181819  
   \   00000233   191A1A1B1B1C       DC8 25, 26, 26, 27, 27, 28, 28, 29, 29, 30, 30, 31, 31, 32, 32, 33, 33
   \              1C1D1D1E1E1F
   \              1F20202121  
   \   00000244   222223232424       DC8 34, 34, 35, 35, 36, 36, 37, 37, 38, 38, 39, 39, 40, 40, 41, 41, 42
   \              252526262727
   \              282829292A  
   \   00000255   2A2B2B2C2C2D       DC8 42, 43, 43, 44, 44, 45, 45, 46, 46, 47, 47, 48, 48, 49, 49, 50, 50
   \              2D2E2E2F2F30
   \              3031313232  
   \   00000266   333334343535       DC8 51, 51, 52, 52, 53, 53, 54, 54, 55, 55, 56, 56, 57, 57, 58, 58, 59
   \              363637373838
   \              39393A3A3B  
   \   00000277   3B3C3C3D3D3E       DC8 59, 60, 60, 61, 61, 62, 62, 63, 63, -64, -64, -63, -63, -62, -62
   \              3E3F3FC0C0C1
   \              C1C2C2      
   \   00000286   C3C3C4C4C5C5       DC8 -61, -61, -60, -60, -59, -59, -58, -58, -57, -57, -56, -56, -55
   \              C6C6C7C7C8C8
   \              C9          
   \   00000293   C9CACACBCBCC       DC8 -55, -54, -54, -53, -53, -52, -52, -51, -51, -50, -50, -49, -49
   \              CCCDCDCECECF
   \              CF          
   \   000002A0   D0D0D1D1D2D2       DC8 -48, -48, -47, -47, -46, -46, -45, -45, -44, -44, -43, -43, -42
   \              D3D3D4D4D5D5
   \              D6          
   \   000002AD   D6D7D7D8D8D9       DC8 -42, -41, -41, -40, -40, -39, -39, -38, -38, -37, -37, -36, -36
   \              D9DADADBDBDC
   \              DC          
   \   000002BA   DDDDDEDEDFDF       DC8 -35, -35, -34, -34, -33, -33, -32, -32, -31, -31, -30, -30, -29
   \              E0E0E1E1E2E2
   \              E3          
   \   000002C7   E3E4E4E5E5E6       DC8 -29, -28, -28, -27, -27, -26, -26, -25, -25, -24, -24, -23, -23
   \              E6E7E7E8E8E9
   \              E9          
   \   000002D4   EAEAEBEBECEC       DC8 -22, -22, -21, -21, -20, -20, -19, -19, -18, -18, -17, -17, -16
   \              EDEDEEEEEFEF
   \              F0          
   \   000002E1   F0F1F1F2F2F3       DC8 -16, -15, -15, -14, -14, -13, -13, -12, -12, -11, -11, -10, -10, -9
   \              F3F4F4F5F5F6
   \              F6F7        
   \   000002EF   F7F8F8F9F9FA       DC8 -9, -8, -8, -7, -7, -6, -6, -5, -5, -4, -4, -3, -3, -2, -2, -1, -1
   \              FAFBFBFCFCFD
   \              FDFEFEFFFF  
   \   00000300   0000FFFFFEFE       DC8 0, 0, -1, -1, -2, -2, -3, -3, -4, -4, -5, -5, -6, -6, -7, -7, -8
   \              FDFDFCFCFBFB
   \              FAFAF9F9F8  
   \   00000311   F8F7F7F6F6F5       DC8 -8, -9, -9, -10, -10, -11, -11, -12, -12, -13, -13, -14, -14, -15
   \              F5F4F4F3F3F2
   \              F2F1        
   \   0000031F   F1F0F0EFEFEE       DC8 -15, -16, -16, -17, -17, -18, -18, -19, -19, -20, -20, -21, -21
   \              EEEDEDECECEB
   \              EB          
   \   0000032C   EAEAE9E9E8E8       DC8 -22, -22, -23, -23, -24, -24, -25, -25, -26, -26, -27, -27, -28
   \              E7E7E6E6E5E5
   \              E4          
   \   00000339   E4E3E3E2E2E1       DC8 -28, -29, -29, -30, -30, -31, -31, -32, -32, -33, -33, -34, -34
   \              E1E0E0DFDFDE
   \              DE          
   \   00000346   DDDDDCDCDBDB       DC8 -35, -35, -36, -36, -37, -37, -38, -38, -39, -39, -40, -40, -41
   \              DADAD9D9D8D8
   \              D7          
   \   00000353   D7D6D6D5D5D4       DC8 -41, -42, -42, -43, -43, -44, -44, -45, -45, -46, -46, -47, -47
   \              D4D3D3D2D2D1
   \              D1          
   \   00000360   D0D0CFCFCECE       DC8 -48, -48, -49, -49, -50, -50, -51, -51, -52, -52, -53, -53, -54
   \              CDCDCCCCCBCB
   \              CA          
   \   0000036D   CAC9C9C8C8C7       DC8 -54, -55, -55, -56, -56, -57, -57, -58, -58, -59, -59, -60, -60
   \              C7C6C6C5C5C4
   \              C4          
   \   0000037A   C3C3C2C2C1C1       DC8 -61, -61, -62, -62, -63, -63, 64, 64, 63, 63, 62, 62, 61, 61, 60
   \              40403F3F3E3E
   \              3D3D3C      
   \   00000389   3C3B3B3A3A39       DC8 60, 59, 59, 58, 58, 57, 57, 56, 56, 55, 55, 54, 54, 53, 53, 52, 52
   \              393838373736
   \              3635353434  
   \   0000039A   333332323131       DC8 51, 51, 50, 50, 49, 49, 48, 48, 47, 47, 46, 46, 45, 45, 44, 44, 43
   \              30302F2F2E2E
   \              2D2D2C2C2B  
   \   000003AB   2B2A2A292928       DC8 43, 42, 42, 41, 41, 40, 40, 39, 39, 38, 38, 37, 37, 36, 36, 35, 35
   \              282727262625
   \              2524242323  
   \   000003BC   222221212020       DC8 34, 34, 33, 33, 32, 32, 31, 31, 30, 30, 29, 29, 28, 28, 27, 27, 26
   \              1F1F1E1E1D1D
   \              1C1C1B1B1A  
   \   000003CD   1A1919181817       DC8 26, 25, 25, 24, 24, 23, 23, 22, 22, 21, 21, 20, 20, 19, 19, 18, 18
   \              171616151514
   \              1413131212  
   \   000003DE   111110100F0F       DC8 17, 17, 16, 16, 15, 15, 14, 14, 13, 13, 12, 12, 11, 11, 10, 10, 9
   \              0E0E0D0D0C0C
   \              0B0B0A0A09  
   \   000003EF   090808070706       DC8 9, 8, 8, 7, 7, 6, 6, 5, 5, 4, 4, 3, 3, 2, 2, 1, 1
   \              060505040403
   \              0302020101  

   \                                 In segment DATA_ID, align 4, align-sorted
   \                     `?<Initializer for linearfreqtable>`:
   \   00000000   C02A0800DD28       DC32 535232, 534749, 534266, 533784, 533303, 532822, 532341, 531861
   \              0800FA260800
   \              182508003723
   \              080056210800
   \              751F0800951D
   \              0800        
   \   00000020   B51B0800D619       DC32 531381, 530902, 530423, 529944, 529466, 528988, 528511, 528034
   \              0800F7170800
   \              181608003A14
   \              08005C120800
   \              7F100800A20E
   \              0800        
   \   00000040   C60C0800EA0A       DC32 527558, 527082, 526607, 526131, 525657, 525183, 524709, 524236
   \              08000F090800
   \              330708005905
   \              08007F030800
   \              A5010800CCFF
   \              0700        
   \   00000060   F3FD07001AFC       DC32 523763, 523290, 522818, 522346, 521875, 521404, 520934, 520464
   \              070042FA0700
   \              6AF8070093F6
   \              0700BCF40700
   \              E6F2070010F1
   \              0700        
   \   00000080   3AEF070065ED       DC32 519994, 519525, 519057, 518588, 518121, 517653, 517186, 516720
   \              070091EB0700
   \              BCE90700E9E7
   \              070015E60700
   \              42E4070070E2
   \              0700        
   \   000000A0   9DE00700CCDE       DC32 516253, 515788, 515322, 514858, 514393, 513929, 513465, 513002
   \              0700FADC0700
   \              2ADB070059D9
   \              070089D70700
   \              B9D50700EAD3
   \              0700        
   \   000000C0   1BD207004DD0       DC32 512539, 512077, 511615, 511154, 510692, 510232, 509771, 509312
   \              07007FCE0700
   \              B2CC0700E4CA
   \              070018C90700
   \              4BC7070080C5
   \              0700        
   \   000000E0   B4C30700E9C1       DC32 508852, 508393, 507934, 507476, 507018, 506561, 506104, 505647
   \              07001EC00700
   \              54BE07008ABC
   \              0700C1BA0700
   \              F8B807002FB7
   \              0700        
   \   00000100   67B507009FB3       DC32 505191, 504735, 504280, 503825, 503371, 502917, 502463, 502010
   \              0700D8B10700
   \              11B007004BAE
   \              070085AC0700
   \              BFAA0700FAA8
   \              0700        
   \   00000120   35A7070070A5       DC32 501557, 501104, 500652, 500201, 499749, 499298, 498848, 498398
   \              0700ACA30700
   \              E9A1070025A0
   \              0700629E0700
   \              A09C0700DE9A
   \              0700        
   \   00000140   1C9907005B97       DC32 497948, 497499, 497050, 496602, 496154, 495706, 495259, 494812
   \              07009A950700
   \              DA9307001A92
   \              07005A900700
   \              9B8E0700DC8C
   \              0700        
   \   00000160   1E8B07006089       DC32 494366, 493920, 493474, 493029, 492585, 492140, 491696, 491253
   \              0700A2870700
   \              E58507002984
   \              07006C820700
   \              B0800700F57E
   \              0700        
   \   00000180   397D07007F7B       DC32 490809, 490367, 489924, 489482, 489041, 488600, 488159, 487718
   \              0700C4790700
   \              0A7807005176
   \              070098740700
   \              DF7207002671
   \              0700        
   \   000001A0   6E6F0700B76D       DC32 487278, 486839, 486400, 485961, 485522, 485084, 484647, 484210
   \              0700006C0700
   \              496A07009268
   \              0700DC660700
   \              276507007263
   \              0700        
   \   000001C0   BD6107000860       DC32 483773, 483336, 482900, 482465, 482029, 481595, 481160, 480726
   \              0700545E0700
   \              A15C0700ED5A
   \              07003B590700
   \              88570700D655
   \              0700        
   \   000001E0   245407007352       DC32 480292, 479859, 479426, 478994, 478562, 478130, 477699, 477268
   \              0700C2500700
   \              124F0700624D
   \              0700B24B0700
   \              034A07005448
   \              0700        
   \   00000200   A5460700F744       DC32 476837, 476407, 475977, 475548, 475119, 474690, 474262, 473834
   \              070049430700
   \              9C410700EF3F
   \              0700423E0700
   \              963C0700EA3A
   \              0700        
   \   00000220   3F3907009337       DC32 473407, 472979, 472553, 472126, 471701, 471275, 470850, 470425
   \              0700E9350700
   \              3E3407009532
   \              0700EB300700
   \              422F0700992D
   \              0700        
   \   00000240   F12B0700492A       DC32 470001, 469577, 469153, 468730, 468307, 467884, 467462, 467041
   \              0700A1280700
   \              FA2607005325
   \              0700AC230700
   \              062207006120
   \              0700        
   \   00000260   BB1E0700161D       DC32 466619, 466198, 465778, 465358, 464938, 464518, 464099, 463681
   \              0700721B0700
   \              CE1907002A18
   \              070086160700
   \              E31407004113
   \              0700        
   \   00000280   9E110700FC0F       DC32 463262, 462844, 462427, 462010, 461593, 461177, 460760, 460345
   \              07005B0E0700
   \              BA0C0700190B
   \              070079090700
   \              D80707003906
   \              0700        
   \   000002A0   9A040700FB02       DC32 459930, 459515, 459100, 458686, 458272, 457859, 457446, 457033
   \              07005C010700
   \              BEFF060020FE
   \              060083FC0600
   \              E6FA060049F9
   \              0600        
   \   000002C0   ADF7060011F6       DC32 456621, 456209, 455797, 455386, 454975, 454565, 454155, 453745
   \              060075F40600
   \              DAF206003FF1
   \              0600A5EF0600
   \              0BEE060071EC
   \              0600        
   \   000002E0   D8EA06003FE9       DC32 453336, 452927, 452518, 452110, 451702, 451294, 450887, 450481
   \              0600A6E70600
   \              0EE6060076E4
   \              0600DEE20600
   \              47E10600B1DF
   \              0600        
   \   00000300   1ADE060084DC       DC32 450074, 449668, 449262, 448857, 448452, 448048, 447644, 447240
   \              0600EEDA0600
   \              59D90600C4D7
   \              060030D60600
   \              9CD4060008D3
   \              0600        
   \   00000320   74D10600E1CF       DC32 446836, 446433, 446030, 445628, 445226, 444824, 444423, 444022
   \              06004ECE0600
   \              BCCC06002ACB
   \              060098C90600
   \              07C8060076C6
   \              0600        
   \   00000340   E6C4060055C3       DC32 443622, 443221, 442821, 442422, 442023, 441624, 441226, 440828
   \              0600C5C10600
   \              36C00600A7BE
   \              060018BD0600
   \              8ABB0600FCB9
   \              0600        
   \   00000360   6EB80600E1B6       DC32 440430, 440033, 439636, 439239, 438843, 438447, 438051, 437656
   \              060054B50600
   \              C7B306003BB2
   \              0600AFB00600
   \              23AF060098AD
   \              0600        
   \   00000380   0DAC060083AA       DC32 437261, 436867, 436473, 436079, 435686, 435293, 434900, 434508
   \              0600F9A80600
   \              6FA70600E6A5
   \              06005DA40600
   \              D4A206004CA1
   \              0600        
   \   000003A0   C49F06003C9E       DC32 434116, 433724, 433333, 432942, 432551, 432161, 431771, 431382
   \              0600B59C0600
   \              2E9B0600A799
   \              060021980600
   \              9B9606001695
   \              0600        
   \   000003C0   909306000C92       DC32 430992, 430604, 430215, 429827, 429439, 429052, 428665, 428278
   \              060087900600
   \              038F06007F8D
   \              0600FC8B0600
   \              798A0600F688
   \              0600        
   \   000003E0   74870600F285       DC32 427892, 427506, 427120, 426735, 426350, 425965, 425581, 425197
   \              060070840600
   \              EF8206006E81
   \              0600ED7F0600
   \              6D7E0600ED7C
   \              0600        
   \   00000400   6D7B0600EE79       DC32 424813, 424430, 424047, 423665, 423283, 422901, 422519, 422138
   \              06006F780600
   \              F17606007375
   \              0600F5730600
   \              77720600FA70
   \              0600        
   \   00000420   7D6F0600016E       DC32 421757, 421377, 420997, 420617, 420237, 419858, 419479, 419101
   \              0600856C0600
   \              096B06008D69
   \              060012680600
   \              976606001D65
   \              0600        
   \   00000440   A36306002962       DC32 418723, 418345, 417968, 417591, 417214, 416838, 416462, 416086
   \              0600B0600600
   \              375F0600BE5D
   \              0600465C0600
   \              CE5A06005659
   \              0600        
   \   00000460   DF5706006856       DC32 415711, 415336, 414961, 414586, 414212, 413839, 413465, 413092
   \              0600F1540600
   \              7A5306000452
   \              06008F500600
   \              194F0600A44D
   \              0600        
   \   00000480   304C0600BB4A       DC32 412720, 412347, 411975, 411604, 411232, 410862, 410491, 410121
   \              060047490600
   \              D44706006046
   \              0600EE440600
   \              7B4306000942
   \              0600        
   \   000004A0   97400600253F       DC32 409751, 409381, 409012, 408643, 408274, 407906, 407538, 407170
   \              0600B43D0600
   \              433C0600D23A
   \              060062390600
   \              F23706008236
   \              0600        
   \   000004C0   13350600A433       DC32 406803, 406436, 406069, 405703, 405337, 404971, 404606, 404241
   \              060035320600
   \              C7300600592F
   \              0600EB2D0600
   \              7E2C0600112B
   \              0600        
   \   000004E0   A42906003828       DC32 403876, 403512, 403148, 402784, 402421, 402058, 401695, 401333
   \              0600CC260600
   \              60250600F523
   \              06008A220600
   \              1F210600B51F
   \              0600        
   \   00000500   4A1E0600E11C       DC32 400970, 400609, 400247, 399886, 399525, 399165, 398805, 398445
   \              0600771B0600
   \              0E1A0600A518
   \              06003D170600
   \              D51506006D14
   \              0600        
   \   00000520   061306009F11       DC32 398086, 397727, 397368, 397009, 396651, 396293, 395936, 395579
   \              060038100600
   \              D10E06006B0D
   \              0600050C0600
   \              A00A06003B09
   \              0600        
   \   00000540   D60706007106       DC32 395222, 394865, 394509, 394153, 393798, 393442, 393087, 392733
   \              06000D050600
   \              A90306004602
   \              0600E2000600
   \              7FFF05001DFE
   \              0500        
   \   00000560   BAFC050058FB       DC32 392378, 392024, 391671, 391317, 390964, 390612, 390259, 389907
   \              0500F7F90500
   \              95F8050034F7
   \              0500D4F50500
   \              73F4050013F3
   \              0500        
   \   00000580   B4F1050054F0       DC32 389556, 389204, 388853, 388502, 388152, 387802, 387452, 387102
   \              0500F5EE0500
   \              96ED050038EC
   \              0500DAEA0500
   \              7CE905001EE8
   \              0500        
   \   000005A0   C1E6050064E5       DC32 386753, 386404, 386056, 385707, 385359, 385012, 384664, 384317
   \              050008E40500
   \              ABE205004FE1
   \              0500F4DF0500
   \              98DE05003DDD
   \              0500        
   \   000005C0   E3DB050088DA       DC32 383971, 383624, 383278, 382932, 382587, 382242, 381897, 381552
   \              05002ED90500
   \              D4D705007BD6
   \              050022D50500
   \              C9D3050070D2
   \              0500        
   \   000005E0   18D10500C0CF       DC32 381208, 380864, 380521, 380177, 379834, 379492, 379149, 378807
   \              050069CE0500
   \              11CD0500BACB
   \              050064CA0500
   \              0DC90500B7C7
   \              0500        
   \   00000600   62C605000CC5       DC32 378466, 378124, 377783, 377442, 377102, 376762, 376422, 376082
   \              0500B7C30500
   \              62C205000EC1
   \              0500BABF0500
   \              66BE050012BD
   \              0500        
   \   00000620   BFBB05006CBA       DC32 375743, 375404, 375065, 374727, 374389, 374051, 373714, 373377
   \              050019B90500
   \              C7B7050075B6
   \              050023B50500
   \              D2B3050081B2
   \              0500        
   \   00000640   30B10500DFAF       DC32 373040, 372703, 372367, 372031, 371695, 371360, 371025, 370690
   \              05008FAE0500
   \              3FAD0500EFAB
   \              0500A0AA0500
   \              51A9050002A8
   \              0500        
   \   00000660   B4A6050066A5       DC32 370356, 370022, 369688, 369355, 369021, 368688, 368356, 368023
   \              050018A40500
   \              CBA205007DA1
   \              050030A00500
   \              E49E0500979D
   \              0500        
   \   00000680   4B9C0500009B       DC32 367691, 367360, 367028, 366697, 366366, 366036, 365706, 365376
   \              0500B4990500
   \              699805001E97
   \              0500D4950500
   \              8A9405004093
   \              0500        
   \   000006A0   F6910500AD90       DC32 365046, 364717, 364388, 364059, 363731, 363403, 363075, 362747
   \              0500648F0500
   \              1B8E0500D38C
   \              05008B8B0500
   \              438A0500FB88
   \              0500        
   \   000006C0   B48705006D86       DC32 362420, 362093, 361766, 361440, 361114, 360788, 360463, 360137
   \              050026850500
   \              E08305009A82
   \              050054810500
   \              0F800500C97E
   \              0500        
   \   000006E0   857D0500407C       DC32 359813, 359488, 359164, 358840, 358516, 358193, 357869, 357547
   \              0500FC7A0500
   \              B87905007478
   \              050031770500
   \              ED750500AB74
   \              0500        
   \   00000700   687305002672       DC32 357224, 356902, 356580, 356258, 355937, 355616, 355295, 354974
   \              0500E4700500
   \              A26F0500616E
   \              0500206D0500
   \              DF6B05009E6A
   \              0500        
   \   00000720   5E6905001E68       DC32 354654, 354334, 354014, 353695, 353376, 353057, 352739, 352420
   \              0500DE660500
   \              9F6505006064
   \              050021630500
   \              E3610500A460
   \              0500        
   \   00000740   675F0500295E       DC32 352103, 351785, 351468, 351150, 350834, 350517, 350201, 349885
   \              0500EC5C0500
   \              AE5B0500725A
   \              050035590500
   \              F9570500BD56
   \              0500        
   \   00000760   815505004654       DC32 349569, 349254, 348939, 348624, 348310, 347995, 347682, 347368
   \              05000B530500
   \              D05105009650
   \              05005B4F0500
   \              224E0500E84C
   \              0500        
   \   00000780   AF4B0500754A       DC32 347055, 346741, 346429, 346116, 345804, 345492, 345180, 344869
   \              05003D490500
   \              04480500CC46
   \              050094450500
   \              5C4405002543
   \              0500        
   \   000007A0   EE410500B740       DC32 344558, 344247, 343936, 343626, 343316, 343006, 342697, 342388
   \              0500803F0500
   \              4A3E0500143D
   \              0500DE3B0500
   \              A93A05007439
   \              0500        
   \   000007C0   3F3805000A37       DC32 342079, 341770, 341462, 341154, 340846, 340539, 340231, 339924
   \              0500D6350500
   \              A23405006E33
   \              05003B320500
   \              07310500D42F
   \              0500        
   \   000007E0   A22E05006F2D       DC32 339618, 339311, 339005, 338700, 338394, 338089, 337784, 337479
   \              05003D2C0500
   \              0C2B0500DA29
   \              0500A9280500
   \              782705004726
   \              0500        
   \   00000800   17250500E623       DC32 337175, 336870, 336566, 336263, 335959, 335656, 335354, 335051
   \              0500B6220500
   \              872105005720
   \              0500281F0500
   \              FA1D0500CB1C
   \              0500        
   \   00000820   9D1B05006F1A       DC32 334749, 334447, 334145, 333844, 333542, 333242, 332941, 332641
   \              050041190500
   \              14180500E616
   \              0500BA150500
   \              8D1405006113
   \              0500        
   \   00000840   351205000911       DC32 332341, 332041, 331741, 331442, 331143, 330844, 330546, 330247
   \              0500DD0F0500
   \              B20E0500870D
   \              05005C0C0500
   \              320B0500070A
   \              0500        
   \   00000860   DE080500B407       DC32 329950, 329652, 329355, 329057, 328761, 328464, 328168, 327872
   \              05008B060500
   \              610505003904
   \              050010030500
   \              E8010500C000
   \              0500        
   \   00000880   98FF040070FE       DC32 327576, 327280, 326985, 326690, 326395, 326101, 325807, 325513
   \              040049FD0400
   \              22FC0400FBFA
   \              0400D5F90400
   \              AFF8040089F7
   \              0400        
   \   000008A0   63F604003EF5       DC32 325219, 324926, 324633, 324340, 324047, 323755, 323463, 323171
   \              040019F40400
   \              F4F20400CFF1
   \              0400ABF00400
   \              87EF040063EE
   \              0400        
   \   000008C0   3FED04001CEC       DC32 322879, 322588, 322297, 322006, 321716, 321426, 321136, 320846
   \              0400F9EA0400
   \              D6E90400B4E8
   \              040092E70400
   \              70E604004EE5
   \              0400        
   \   000008E0   2DE404000BE3       DC32 320557, 320267, 319978, 319690, 319401, 319113, 318825, 318538
   \              0400EAE10400
   \              CAE00400A9DF
   \              040089DE0400
   \              69DD04004ADC
   \              0400        
   \   00000900   2ADB04000BDA       DC32 318250, 317963, 317676, 317390, 317103, 316817, 316532, 316246
   \              0400ECD80400
   \              CED70400AFD6
   \              040091D50400
   \              74D4040056D3
   \              0400        
   \   00000920   39D204001CD1       DC32 315961, 315676, 315391, 315106, 314822, 314538, 314254, 313971
   \              0400FFCF0400
   \              E2CE0400C6CD
   \              0400AACC0400
   \              8ECB040073CA
   \              0400        
   \   00000940   58C904003DC8       DC32 313688, 313405, 313122, 312839, 312557, 312275, 311994, 311712
   \              040022C70400
   \              07C60400EDC4
   \              0400D3C30400
   \              BAC20400A0C1
   \              0400        
   \   00000960   87C004006EBF       DC32 311431, 311150, 310869, 310589, 310309, 310029, 309749, 309470
   \              040055BE0400
   \              3DBD040025BC
   \              04000DBB0400
   \              F5B90400DEB8
   \              0400        
   \   00000980   C6B70400AFB6       DC32 309190, 308911, 308633, 308354, 308076, 307798, 307521, 307243
   \              040099B50400
   \              82B404006CB3
   \              040056B20400
   \              41B104002BB0
   \              0400        
   \   000009A0   16AF040001AE       DC32 306966, 306689, 306412, 306136, 305860, 305584, 305308, 305033
   \              0400ECAC0400
   \              D8AB0400C4AA
   \              0400B0A90400
   \              9CA8040089A7
   \              0400        
   \   000009C0   76A6040063A5       DC32 304758, 304483, 304208, 303934, 303659, 303385, 303112, 302838
   \              040050A40400
   \              3EA304002BA2
   \              040019A10400
   \              08A00400F69E
   \              0400        
   \   000009E0   E59D0400D49C       DC32 302565, 302292, 302019, 301747, 301475, 301203, 300931, 300660
   \              0400C39B0400
   \              B39A0400A399
   \              040093980400
   \              839704007496
   \              0400        
   \   00000A00   649504005594       DC32 300388, 300117, 299847, 299576, 299306, 299036, 298766, 298497
   \              040047930400
   \              389204002A91
   \              04001C900400
   \              0E8F0400018E
   \              0400        
   \   00000A20   F38C0400E68B       DC32 298227, 297958, 297689, 297421, 297153, 296884, 296617, 296349
   \              0400D98A0400
   \              CD890400C188
   \              0400B4870400
   \              A98604009D85
   \              0400        
   \   00000A40   928404008783       DC32 296082, 295815, 295548, 295281, 295015, 294749, 294483, 294217
   \              04007C820400
   \              718104006780
   \              04005D7F0400
   \              537E0400497D
   \              0400        
   \   00000A60   407C0400367B       DC32 293952, 293686, 293421, 293157, 292892, 292628, 292364, 292100
   \              04002D7A0400
   \              257904001C78
   \              040014770400
   \              0C7604000475
   \              0400        
   \   00000A80   FD730400F672       DC32 291837, 291574, 291311, 291048, 290785, 290523, 290261, 289999
   \              0400EF710400
   \              E8700400E16F
   \              0400DB6E0400
   \              D56D0400CF6C
   \              0400        
   \   00000AA0   C96B0400C46A       DC32 289737, 289476, 289215, 288954, 288693, 288433, 288173, 287913
   \              0400BF690400
   \              BA680400B567
   \              0400B1660400
   \              AD650400A964
   \              0400        
   \   00000AC0   A5630400A162       DC32 287653, 287393, 287134, 286875, 286616, 286358, 286099, 285841
   \              04009E610400
   \              9B600400985F
   \              0400965E0400
   \              935D0400915C
   \              0400        
   \   00000AE0   8F5B04008E5A       DC32 285583, 285326, 285068, 284811, 284554, 284298, 284041, 283785
   \              04008C590400
   \              8B5804008A57
   \              04008A560400
   \              895504008954
   \              0400        
   \   00000B00   895304008952       DC32 283529, 283273, 283017, 282762, 282507, 282252, 281998, 281743
   \              040089510400
   \              8A5004008B4F
   \              04008C4E0400
   \              8E4D04008F4C
   \              0400        
   \   00000B20   914B0400934A       DC32 281489, 281235, 280981, 280728, 280475, 280222, 279969, 279716
   \              040095490400
   \              984804009B47
   \              04009E460400
   \              A1450400A444
   \              0400        
   \   00000B40   A8430400AC42       DC32 279464, 279212, 278960, 278708, 278457, 278206, 277955, 277704
   \              0400B0410400
   \              B4400400B93F
   \              0400BE3E0400
   \              C33D0400C83C
   \              0400        
   \   00000B60   CD3B0400D33A       DC32 277453, 277203, 276953, 276703, 276453, 276204, 275955, 275706
   \              0400D9390400
   \              DF380400E537
   \              0400EC360400
   \              F3350400FA34
   \              0400        
   \   00000B80   013404000933       DC32 275457, 275209, 274960, 274712, 274465, 274217, 273970, 273722
   \              040010320400
   \              183104002130
   \              0400292F0400
   \              322E04003A2D
   \              0400        
   \   00000BA0   442C04004D2B       DC32 273476, 273229, 272982, 272736, 272490, 272244, 271999, 271753
   \              0400562A0400
   \              602904006A28
   \              040074270400
   \              7F2604008925
   \              0400        
   \   00000BC0   942404009F23       DC32 271508, 271263, 271018, 270774, 270530, 270286, 270042, 269798
   \              0400AA220400
   \              B6210400C220
   \              0400CE1F0400
   \              DA1E0400E61D
   \              0400        
   \   00000BE0   F31C0400001C       DC32 269555, 269312, 269069, 268826, 268583, 268341, 268099, 267857
   \              04000D1B0400
   \              1A1A04002719
   \              040035180400
   \              431704005116
   \              0400        

   \                                 In segment DATA_ID, align 4, align-sorted
   \                     `?<Initializer for s3mperiodtable>`:
   \   00000000   B0065006F405       DC16 1712, 1616, 1524, 1440, 1356, 1280, 1208, 1140, 1076, 1016, 960
   \              A0054C050005
   \              B80474043404
   \              F803C003    
   \   00000016   8B03               DC16 907

   \                                 In segment DATA_ID, align 4, align-sorted
   \                     `?<Initializer for periodtable>`:
   \   00000000   C01A4019D017       DC16 6848, 6464, 6096, 5760, 5424, 5120, 4832, 4560, 4304, 4064, 3840
   \              801630150014
   \              E012D011D010
   \              E00F000F    
   \   00000016   280E901A1019       DC16 3624, 6800, 6416, 6056, 5720, 5392, 5096, 4808, 4536, 4280, 4040
   \              A81758161015
   \              E813C812B811
   \              B810C80F    
   \   0000002C   E80E100E601A       DC16 3816, 3600, 6752, 6368, 6016, 5672, 5360, 5056, 4776, 4504, 4256
   \              E01880172816
   \              F014C013A812
   \              9811A010    
   \   00000042   B00FD00EF80D       DC16 4016, 3792, 3576, 6704, 6328, 5968, 5632, 5320, 5024, 4736, 4472
   \              301AB8185017
   \              0016C814A013
   \              80127811    
   \   00000058   8010900FB00E       DC16 4224, 3984, 3760, 3552, 6656, 6280, 5928, 5592, 5280, 4984, 4704
   \              E00D001A8818
   \              2817D815A014
   \              78136012    
   \   0000006E   58116010780F       DC16 4440, 4192, 3960, 3736, 3528, 6608, 6232, 5888, 5552, 5240, 4952
   \              980EC80DD019
   \              58180017B015
   \              78145813    
   \   00000084   401238114010       DC16 4672, 4408, 4160, 3928, 3704, 3496, 6560, 6192, 5840, 5512, 5208
   \              580F780EA80D
   \              A0193018D016
   \              88155814    
   \   0000009A   301320121811       DC16 4912, 4640, 4376, 4128, 3896, 3680, 3472, 6512, 6144, 5800, 5472
   \              2010380F600E
   \              900D70190018
   \              A8166015    
   \   000000B0   30141013F811       DC16 5168, 4880, 4600, 4344, 4104, 3872, 3656, 3448, 7256, 6848, 6464
   \              F8100810200F
   \              480E780D581C
   \              C01A4019    
   \   000000C6   D01780163015       DC16 6096, 5760, 5424, 5120, 4832, 4560, 4304, 4032, 3840, 7200, 6800
   \              0014E012D011
   \              D010C00F000F
   \              201C901A    
   \   000000DC   1019A8175816       DC16 6416, 6056, 5720, 5400, 5088, 4808, 4536, 4280, 4040, 3816, 7152
   \              1815E013C812
   \              B811B810C80F
   \              E80EF01B    
   \   000000F2   601AE0188017       DC16 6752, 6368, 6016, 5672, 5360, 5056, 4776, 4504, 4256, 4016, 3792
   \              2816F014C013
   \              A8129811A010
   \              B00FD00E    
   \   00000108   B81B301AB818       DC16 7096, 6704, 6328, 5968, 5632, 5320, 5024, 4736, 4472, 4224, 3984
   \              50170016C814
   \              A01380127811
   \              8010900F    
   \   0000011E   B00E881B001A       DC16 3760, 7048, 6656, 6280, 5928, 5592, 5280, 4984, 4704, 4440, 4192
   \              88182817D815
   \              A01478136012
   \              58116010    
   \   00000134   700F980E581B       DC16 3952, 3736, 7000, 6608, 6232, 5888, 5552, 5240, 4952, 4672, 4408
   \              D01958180017
   \              B01578145813
   \              40123811    
   \   0000014A   4010580F780E       DC16 4160, 3928, 3704, 6944, 6560, 6192, 5840, 5512, 5208, 4912, 4640
   \              201BA0193018
   \              D01688155814
   \              30132012    
   \   00000160   18112010380F       DC16 4376, 4128, 3896, 3680, 6896, 6512, 6144, 5800, 5472, 5168, 4880
   \              600EF01A7019
   \              0018A8166015
   \              30141013    
   \   00000176   F811F8100810       DC16 4600, 4344, 4104, 3872, 3656
   \              200F480E    

   \                                 In segment DATA_ID, align 4, align-sorted
   \                     `?<Initializer for s3mfinetunetable>`:
   \   00000000   D71E051F311F       DC16 7895, 7941, 7985, 8046, 8107, 8169, 8232, 8280, 8363, 8413, 8463
   \              6E1FAB1FE91F
   \              28205820AB20
   \              DD200F21    
   \   00000016   51218521CB21       DC16 8529, 8581, 8651, 8723, 8757
   \              13223522    

   \                                 In segment DATA_ID, align 4, align-sorted
   \                     `?<Initializer for vibratotypetable>`:
   \   00000000   00020100           DC8 0, 2, 1, 0

   \                                 In segment DATA_ID, align 4, align-sorted
   \                     `?<Initializer for amigafreqtable>`:
   \   00000000   8B0300008403       DC32 907, 900, 894, 887, 881, 875, 868, 862, 856, 850, 844, 838, 832
   \              00007E030000
   \              770300007103
   \              00006B030000
   \              640300005E03
   \              000058030000
   \              520300004C03
   \              000046030000
   \              40030000    
   \   00000034   3A0300003403       DC32 826, 820, 814, 808, 802, 796, 791, 785, 779, 774, 768, 762, 757
   \              00002E030000
   \              280300002203
   \              00001C030000
   \              170300001103
   \              00000B030000
   \              060300000003
   \              0000FA020000
   \              F5020000    
   \   00000068   F0020000EA02       DC32 752, 746, 741, 736, 730, 725, 720, 715, 709, 704, 699, 694, 689
   \              0000E5020000
   \              E0020000DA02
   \              0000D5020000
   \              D0020000CB02
   \              0000C5020000
   \              C0020000BB02
   \              0000B6020000
   \              B1020000    
   \   0000009C   AC020000A602       DC32 684, 678, 675, 670, 665, 660, 655, 651, 646, 640, 636, 632, 628
   \              0000A3020000
   \              9E0200009902
   \              000094020000
   \              8F0200008B02
   \              000086020000
   \              800200007C02
   \              000078020000
   \              74020000    
   \   000000D0   6F0200006B02       DC32 623, 619, 614, 610, 604, 601, 597, 592, 588, 584, 580, 575, 570
   \              000066020000
   \              620200005C02
   \              000059020000
   \              550200005002
   \              00004C020000
   \              480200004402
   \              00003F020000
   \              3A020000    
   \   00000104   370200003302       DC32 567, 563, 559, 555, 551, 547, 543, 538, 535, 532, 528, 524, 520
   \              00002F020000
   \              2B0200002702
   \              000023020000
   \              1F0200001A02
   \              000017020000
   \              140200001002
   \              00000C020000
   \              08020000    
   \   00000138   040200000102       DC32 516, 513, 508, 505, 502, 498, 494, 491, 487, 484, 480, 477, 474
   \              0000FC010000
   \              F9010000F601
   \              0000F2010000
   \              EE010000EB01
   \              0000E7010000
   \              E4010000E001
   \              0000DD010000
   \              DA010000    
   \   0000016C   D6010000D301       DC32 470, 467, 463, 460, 457, 453, 450, 447, 443, 440, 437, 434, 431
   \              0000CF010000
   \              CC010000C901
   \              0000C5010000
   \              C2010000BF01
   \              0000BB010000
   \              B8010000B501
   \              0000B2010000
   \              AF010000    
   \   000001A0   AC010000           DC32 428
    227          {
    228                  907, 900, 894, 887, 881, 875, 868, 862, 856, 850, 844, 838, 832, 826, 820, 814,
    229                  808, 802, 796, 791, 785, 779, 774, 768, 762, 757, 752, 746, 741, 736, 730, 725,
    230                  720, 715, 709, 704, 699, 694, 689, 684, 678, 675, 670, 665, 660, 655, 651, 646,
    231                  640, 636, 632, 628, 623, 619, 614, 610, 604, 601, 597, 592, 588, 584, 580, 575,
    232                  570, 567, 563, 559, 555, 551, 547, 543, 538, 535, 532, 528, 524, 520, 516, 513,
    233                  508, 505, 502, 498, 494, 491, 487, 484, 480, 477, 474, 470, 467, 463, 460, 457,
    234                  453, 450, 447, 443, 440, 437, 434, 431, 428
    235          };
    236          
    237          
    238          
    239          


   Segment part sizes:

     Function/Label                 Bytes
     --------------                 -----
     retrigaddtable                   16
     retrigmultable                   16
     vibratotable                   1024
     linearfreqtable                3072
     s3mperiodtable                   24
     periodtable                     384
     s3mfinetunetable                 32
     vibratotypetable                  4
     amigafreqtable                  420
     ?<Initializer for retrigaddtable>
                                      16
     ?<Initializer for retrigmultable>
                                      16
     ?<Initializer for vibratotable>
                                    1024
     ?<Initializer for linearfreqtable>
                                    3072
     ?<Initializer for s3mperiodtable>
                                      24
     ?<Initializer for periodtable>  384
     ?<Initializer for s3mfinetunetable>
                                      32
     ?<Initializer for vibratotypetable>
                                       4
     ?<Initializer for amigafreqtable>
                                     420
      Others                          12

 
 4 992 bytes in segment DATA_I
 4 992 bytes in segment DATA_ID
    12 bytes in segment INITTAB
 
     0 bytes of CODE  memory (+ 12 bytes shared)
 4 992 bytes of CONST memory
 4 992 bytes of DATA  memory

Errors: none
Warnings: none
