##############################################################################
#                                                                            #
# IAR ARM ANSI C/C++ Compiler V4.42A/W32 EVALUATION    13/Oct/2011  23:45:34 #
# Copyright 1999-2005 IAR Systems. All rights reserved.                      #
#                                                                            #
#    Cpu mode        =  interwork                                            #
#    Endian          =  little                                               #
#    Stack alignment =  4                                                    #
#    Source file     =  I:\Amuse\SVN\Siemens\MySMSYS\Mss3\GlobalVariable.cpp #
#    Command line    =  I:\Amuse\SVN\Siemens\MySMSYS\Mss3\GlobalVariable.cpp #
#                        -D NEWSGOLD -D S68 -D LANG_CN -lcN                  #
#                       I:\Amuse\SVN\Siemens\MySMSYS\Mss3\Release_S68\List\  #
#                       -o I:\Amuse\SVN\Siemens\MySMSYS\Mss3\Release_S68\Obj #
#                       \ -s9 --no_unroll --cpu_mode arm --endian little     #
#                       --cpu ARM926EJ-S --stack_align 4 --interwork -e      #
#                       --fpu None --eec++ --dlib_config "D:\Program         #
#                       Files\IAR\Embedded Workbench 4.0                     #
#                       Evaluation\ARM\LIB\dl5tpainl8n.h" -I "D:\Program     #
#                       Files\IAR\Embedded Workbench 4.0                     #
#                       Evaluation\ARM\INC\" --inline_threshold=2            #
#    List file       =  I:\Amuse\SVN\Siemens\MySMSYS\Mss3\Release_S68\List\G #
#                       lobalVariable.lst                                    #
#    Object file     =  I:\Amuse\SVN\Siemens\MySMSYS\Mss3\Release_S68\Obj\Gl #
#                       obalVariable.r79                                     #
#                                                                            #
#                                                                            #
##############################################################################

I:\Amuse\SVN\Siemens\MySMSYS\Mss3\GlobalVariable.cpp
      1          #include "include.h"
      2          
      3          //SDLIST *sdltop=0;
      4          
      5          char sms_dat[128];
      6          char main_folder[128];
      7          //char ems_admin_dat[128];
      8          
      9          const int softkeys[]={0,1,2};
     10          const int minus11=-11;
     11          
     12          SOFTKEY_DESC sel_menu_sk[]=
     13          {
     14            {0x0018,0x0000,(int)LGP_NULL},
     15            {0x0001,0x0000,(int)LGP_NULL},
     16            {0x003D,0x0000,(int)LGP_DOIT_PIC}
     17          };
     18          
     19          const SOFTKEYSTAB sel_menu_skt=
     20          {
     21            sel_menu_sk,0
     22          };
     23          
     24          
     25          


   Segment part sizes:

     Function/Label                 Bytes
     --------------                 -----
     sms_dat                         128
     main_folder                     128
     softkeys                         12
     minus11                           4
     sel_menu_sk                      24
     sel_menu_skt                      8
     ?<Initializer for sel_menu_sk>   24
      Others                          24

 
  24 bytes in segment DATA_C
  24 bytes in segment DATA_I
  24 bytes in segment DATA_ID
 256 bytes in segment DATA_Z
  24 bytes in segment INITTAB
 
   0 bytes of CODE  memory (+ 24 bytes shared)
  48 bytes of CONST memory
 280 bytes of DATA  memory

Errors: none
Warnings: none
