##############################################################################
#                                                                            #
# IAR ARM ANSI C/C++ Compiler V4.42A/W32 EVALUATION    13/Feb/2012  22:49:40 #
# Copyright 1999-2005 IAR Systems. All rights reserved.                      #
#                                                                            #
#    Cpu mode        =  interwork                                            #
#    Endian          =  little                                               #
#    Stack alignment =  4                                                    #
#    Source file     =  D:\SVN\SieELF\SieELF\TalkPhoneND\config_data.c       #
#    Command line    =  D:\SVN\SieELF\SieELF\TalkPhoneND\config_data.c -lC   #
#                       D:\SVN\SieELF\SieELF\TalkPhoneND\Release_SGOLD\List\ #
#                        -o D:\SVN\SieELF\SieELF\TalkPhoneND\Release_SGOLD\O #
#                       bj\ -s9 --no_unroll --no_clustering --cpu_mode arm   #
#                       --endian little --cpu ARM926EJ-S --stack_align 4     #
#                       --interwork -e --fpu None --dlib_config "D:\Program  #
#                       Files\IAR\Embedded Workbench 4.0                     #
#                       Evaluation\ARM\LIB\dl5tpainl8n.h" --segment          #
#                       code=CONFIG --segment data=CONFIG -I "D:\Program     #
#                       Files\IAR\Embedded Workbench 4.0                     #
#                       Evaluation\ARM\INC\" --inline_threshold=2            #
#    List file       =  D:\SVN\SieELF\SieELF\TalkPhoneND\Release_SGOLD\List\ #
#                       config_data.lst                                      #
#    Object file     =  D:\SVN\SieELF\SieELF\TalkPhoneND\Release_SGOLD\Obj\c #
#                       onfig_data.r79                                       #
#                                                                            #
#                                                                            #
##############################################################################

D:\SVN\SieELF\SieELF\TalkPhoneND\config_data.c
      1          #include "..\inc\cfg_items.h"
      2          #include "..\inc\swilib.h"
      3          
      4          #ifdef NEWSGOLD
      5          #define DEFAULT_DISK "4"
      6          #else
      7          #define DEFAULT_DISK "0"
      8          #endif
      9          
     10          
     11          //---------------------------------------------------------------------------------------
     12          

   \                                 In segment CONFIG_C, align 4, align-sorted, root
     13          __root const CFG_HDR cfghdr0={CFG_LEVEL,"Настройки звука",1,0};
   \                     cfghdr0:
   \   00000000   09000000           DC32 9
   \   00000004   CDE0F1F2F0EE       DC8 "\315\340\361\362\360\356\351\352\350 \347\342\363\352\340"
   \              E9EAE820E7E2
   \              F3EAE000    
   \   00000014   000000000000       DC8 0, 0, 0, 0, 0, 0, 0, 0, 0, 0, 0, 0, 0, 0, 0, 0
   \              000000000000
   \              00000000    
   \   00000024   010000000000       DC32 1, 0
   \              0000        
     14          

   \                                 In segment CONFIG_C, align 4, align-sorted, root
     15          __root const CFG_HDR cfghdr2_1={CFG_UINT,"Громкость",0,6};
   \                     cfghdr2_1:
   \   00000000   01000000           DC32 1
   \   00000004   C3F0EEECEAEE       DC8 "\303\360\356\354\352\356\361\362\374"
   \              F1F2FC00    
   \   0000000E   000000000000       DC8 0, 0, 0, 0, 0, 0, 0, 0, 0, 0, 0, 0, 0, 0, 0, 0, 0, 0, 0, 0, 0, 0
   \              000000000000
   \              000000000000
   \              00000000    
   \   00000024   000000000600       DC32 0, 6
   \              0000        

   \                                 In segment CONFIG_C, align 4, align-sorted, root
     16          __root const unsigned int volume=6;
   \                     volume:
   \   00000000   06000000           DC32 6
     17          

   \                                 In segment CONFIG_C, align 4, align-sorted, root
     18          __root const CFG_HDR cfghdr2_2={CFG_STR_UTF8,"Путь к папке с *.wav",0,127};
   \                     cfghdr2_2:
   \   00000000   02000000           DC32 2
   \   00000004   CFF3F2FC20EA       DC8 "\317\363\362\374 \352 \357\340\357\352\345 \361 *.wav"
   \              20EFE0EFEAE5
   \              20F1202A2E77
   \              617600      
   \   00000019   000000000000       DC8 0, 0, 0, 0, 0, 0, 0, 0, 0, 0, 0
   \              0000000000  
   \   00000024   000000007F00       DC32 0, 127
   \              0000        

   \                                 In segment CONFIG_C, align 4, align-sorted, root
     19          __root const char folder_path[128]=DEFAULT_DISK ":\\ZBin\\sndElfs\\TalkPhone\\";
   \                     folder_path:
   \   00000000   303A5C5A4269       DC8 "0:\\ZBin\\sndElfs\\TalkPhone\\"
   \              6E5C736E6445
   \              6C66735C5461
   \              6C6B50686F6E
   \              655C00      
   \   0000001B   000000000000       DC8 0, 0, 0, 0, 0, 0, 0, 0, 0, 0, 0, 0, 0, 0, 0, 0
   \              000000000000
   \              00000000    
   \   0000002B   000000000000       DC8 0, 0, 0, 0, 0, 0, 0, 0, 0, 0, 0, 0, 0, 0, 0, 0
   \              000000000000
   \              00000000    
   \   0000003B   000000000000       DC8 0, 0, 0, 0, 0, 0, 0, 0, 0, 0, 0, 0, 0, 0, 0, 0
   \              000000000000
   \              00000000    
   \   0000004B   000000000000       DC8 0, 0, 0, 0, 0, 0, 0, 0, 0, 0, 0, 0, 0, 0, 0, 0
   \              000000000000
   \              00000000    
   \   0000005B   000000000000       DC8 0, 0, 0, 0, 0, 0, 0, 0, 0, 0, 0, 0, 0, 0, 0, 0
   \              000000000000
   \              00000000    
   \   0000006B   000000000000       DC8 0, 0, 0, 0, 0, 0, 0, 0, 0, 0, 0, 0, 0, 0, 0, 0, 0, 0, 0, 0, 0
   \              000000000000
   \              000000000000
   \              000000      
     20          

   \                                 In segment CONFIG_C, align 4, align-sorted, root
     21          __root const CFG_HDR cfghdr2_4={CFG_CBOX,"Воспроизводить",0,2};
   \                     cfghdr2_4:
   \   00000000   05000000           DC32 5
   \   00000004   C2EEF1EFF0EE       DC8 "\302\356\361\357\360\356\350\347\342\356\344\350\362\374"
   \              E8E7E2EEE4E8
   \              F2FC00      
   \   00000013   000000000000       DC8 0, 0, 0, 0, 0, 0, 0, 0, 0, 0, 0, 0, 0, 0, 0, 0, 0
   \              000000000000
   \              0000000000  
   \   00000024   000000000200       DC32 0, 2
   \              0000        

   \                                 In segment CONFIG_C, align 4, align-sorted, root
     22          __root const int PLAY_PARAM=1;
   \                     PLAY_PARAM:
   \   00000000   01000000           DC32 1

   \                                 In segment CONFIG_C, align 4, align-sorted, root
     23          __root const CFG_CBOX_ITEM cfgcbox4[2]={"Куранты","Всё"};
   \                     cfgcbox4:
   \   00000000   CAF3F0E0EDF2       DC8 "\312\363\360\340\355\362\373"
   \              FB00        
   \   00000008   000000000000       DC8 0, 0, 0, 0, 0, 0, 0, 0, 0, 0, 0, 0, 0, 0, 0, 0
   \              000000000000
   \              00000000    
   \   00000018   000000000000       DC8 0, 0, 0, 0, 0, 0, 0, 0
   \              0000        
   \   00000020   C2F1B800           DC8 "\302\361\270"
   \   00000024   000000000000       DC8 0, 0, 0, 0, 0, 0, 0, 0, 0, 0, 0, 0, 0, 0, 0, 0
   \              000000000000
   \              00000000    
   \   00000034   000000000000       DC8 0, 0, 0, 0, 0, 0, 0, 0, 0, 0, 0, 0
   \              000000000000
     24          

   \                                 In segment CONFIG_C, align 4, align-sorted, root
     25          __root const CFG_HDR cfghdr2_5={CFG_STR_UTF8,"Путь к звуку курантов",0,127};
   \                     cfghdr2_5:
   \   00000000   02000000           DC32 2
   \   00000004   CFF3F2FC20EA       DC8 "\317\363\362\374 \352 \347\342\363\352\363 \352\363\360\340\355\362\356\342"
   \              20E7E2F3EAF3
   \              20EAF3F0E0ED
   \              F2EEE200    
   \   0000001A   000000000000       DC8 0, 0, 0, 0, 0, 0, 0, 0, 0, 0
   \              00000000    
   \   00000024   000000007F00       DC32 0, 127
   \              0000        

   \                                 In segment CONFIG_C, align 4, align-sorted, root
     26          __root const char kurant_path[128]=DEFAULT_DISK ":\\ZBin\\sndElfs\\TalkPhone\\x.wav";
   \                     kurant_path:
   \   00000000   303A5C5A4269       DC8 "0:\\ZBin\\sndElfs\\TalkPhone\\x.wav"
   \              6E5C736E6445
   \              6C66735C5461
   \              6C6B50686F6E
   \              655C782E7761
   \              7600        
   \   00000020   000000000000       DC8 0, 0, 0, 0, 0, 0, 0, 0, 0, 0, 0, 0, 0, 0, 0, 0
   \              000000000000
   \              00000000    
   \   00000030   000000000000       DC8 0, 0, 0, 0, 0, 0, 0, 0, 0, 0, 0, 0, 0, 0, 0, 0
   \              000000000000
   \              00000000    
   \   00000040   000000000000       DC8 0, 0, 0, 0, 0, 0, 0, 0, 0, 0, 0, 0, 0, 0, 0, 0
   \              000000000000
   \              00000000    
   \   00000050   000000000000       DC8 0, 0, 0, 0, 0, 0, 0, 0, 0, 0, 0, 0, 0, 0, 0, 0
   \              000000000000
   \              00000000    
   \   00000060   000000000000       DC8 0, 0, 0, 0, 0, 0, 0, 0, 0, 0, 0, 0, 0, 0, 0, 0
   \              000000000000
   \              00000000    
   \   00000070   000000000000       DC8 0, 0, 0, 0, 0, 0, 0, 0, 0, 0, 0, 0, 0, 0, 0, 0
   \              000000000000
   \              00000000    
     27          

   \                                 In segment CONFIG_C, align 4, align-sorted, root
     28          __root const CFG_HDR cfghdr1={CFG_LEVEL,"",0,0};
   \                     cfghdr1:
   \   00000000   09000000           DC32 9
   \   00000004   00                 DC8 ""
   \   00000005   000000000000       DC8 0, 0, 0, 0, 0, 0, 0, 0, 0, 0, 0, 0, 0, 0, 0, 0
   \              000000000000
   \              00000000    
   \   00000015   000000000000       DC8 0, 0, 0, 0, 0, 0, 0, 0, 0, 0, 0, 0, 0, 0, 0
   \              000000000000
   \              000000      
   \   00000024   000000000000       DC32 0, 0
   \              0000        
     29          
     30          //---------------------------------------------------------------------------------------
     31          

   \                                 In segment CONFIG_C, align 4, align-sorted, root
     32          __root const CFG_HDR cfghdr_m41={CFG_LEVEL,"Настройки вибры",1,0};
   \                     cfghdr_m41:
   \   00000000   09000000           DC32 9
   \   00000004   CDE0F1F2F0EE       DC8 "\315\340\361\362\360\356\351\352\350 \342\350\341\360\373"
   \              E9EAE820E2E8
   \              E1F0FB00    
   \   00000014   000000000000       DC8 0, 0, 0, 0, 0, 0, 0, 0, 0, 0, 0, 0, 0, 0, 0, 0
   \              000000000000
   \              00000000    
   \   00000024   010000000000       DC32 1, 0
   \              0000        
     33          

   \                                 In segment CONFIG_C, align 4, align-sorted, root
     34          __root const CFG_HDR cfghdr4_1={CFG_CBOX,"Использовать вибру",0,2};
   \                     cfghdr4_1:
   \   00000000   05000000           DC32 5
   \   00000004   C8F1EFEEEBFC       DC8 "\310\361\357\356\353\374\347\356\342\340\362\374 \342\350\341\360\363"
   \              E7EEE2E0F2FC
   \              20E2E8E1F0F3
   \              00          
   \   00000017   000000000000       DC8 0, 0, 0, 0, 0, 0, 0, 0, 0, 0, 0, 0, 0
   \              000000000000
   \              00          
   \   00000024   000000000200       DC32 0, 2
   \              0000        

   \                                 In segment CONFIG_C, align 4, align-sorted, root
     35          __root const int Is_Vibra_Enabled=1;
   \                     Is_Vibra_Enabled:
   \   00000000   01000000           DC32 1

   \                                 In segment CONFIG_C, align 4, align-sorted, root
     36          __root const CFG_CBOX_ITEM cfgcbox6[2]={"Нет","Да"};
   \                     cfgcbox6:
   \   00000000   CDE5F200           DC8 "\315\345\362"
   \   00000004   000000000000       DC8 0, 0, 0, 0, 0, 0, 0, 0, 0, 0, 0, 0, 0, 0, 0, 0
   \              000000000000
   \              00000000    
   \   00000014   000000000000       DC8 0, 0, 0, 0, 0, 0, 0, 0, 0, 0, 0, 0
   \              000000000000
   \   00000020   C4E000             DC8 "\304\340"
   \   00000023   000000000000       DC8 0, 0, 0, 0, 0, 0, 0, 0, 0, 0, 0, 0, 0, 0, 0, 0
   \              000000000000
   \              00000000    
   \   00000033   000000000000       DC8 0, 0, 0, 0, 0, 0, 0, 0, 0, 0, 0, 0, 0
   \              000000000000
   \              00          
     37          

   \                                 In segment CONFIG_C, align 4, align-sorted, root
     38          __root const CFG_HDR cfghdr4_2 = {CFG_UINT, "Кол-во вибраций", 0, 10};
   \                     cfghdr4_2:
   \   00000000   01000000           DC32 1
   \   00000004   CAEEEB2DE2EE       DC8 "\312\356\353-\342\356 \342\350\341\360\340\366\350\351"
   \              20E2E8E1F0E0
   \              F6E8E900    
   \   00000014   000000000000       DC8 0, 0, 0, 0, 0, 0, 0, 0, 0, 0, 0, 0, 0, 0, 0, 0
   \              000000000000
   \              00000000    
   \   00000024   000000000A00       DC32 0, 10
   \              0000        

   \                                 In segment CONFIG_C, align 4, align-sorted, root
     39          __root const unsigned int vibra_count = 4;
   \                     vibra_count:
   \   00000000   04000000           DC32 4
     40          

   \                                 In segment CONFIG_C, align 4, align-sorted, root
     41          __root const CFG_HDR cfghdr4_3 = {CFG_UINT, "Мощность вибраций", 0, 100};
   \                     cfghdr4_3:
   \   00000000   01000000           DC32 1
   \   00000004   CCEEF9EDEEF1       DC8 "\314\356\371\355\356\361\362\374 \342\350\341\360\340\366\350\351"
   \              F2FC20E2E8E1
   \              F0E0F6E8E900
   \   00000016   000000000000       DC8 0, 0, 0, 0, 0, 0, 0, 0, 0, 0, 0, 0, 0, 0
   \              000000000000
   \              0000        
   \   00000024   000000006400       DC32 0, 100
   \              0000        

   \                                 In segment CONFIG_C, align 4, align-sorted, root
     42          __root const unsigned int vibra_power = 50;
   \                     vibra_power:
   \   00000000   32000000           DC32 50
     43          

   \                                 In segment CONFIG_C, align 4, align-sorted, root
     44          __root const CFG_HDR cfghdr_m40={CFG_LEVEL,"",0,0};
   \                     cfghdr_m40:
   \   00000000   09000000           DC32 9
   \   00000004   00                 DC8 ""
   \   00000005   000000000000       DC8 0, 0, 0, 0, 0, 0, 0, 0, 0, 0, 0, 0, 0, 0, 0, 0
   \              000000000000
   \              00000000    
   \   00000015   000000000000       DC8 0, 0, 0, 0, 0, 0, 0, 0, 0, 0, 0, 0, 0, 0, 0
   \              000000000000
   \              000000      
   \   00000024   000000000000       DC32 0, 0
   \              0000        


   Segment part sizes:

     Function/Label   Bytes
     --------------   -----
     cfghdr0            44
     cfghdr2_1          44
     volume              4
     cfghdr2_2          44
     folder_path       128
     cfghdr2_4          44
     PLAY_PARAM          4
     cfgcbox4           64
     cfghdr2_5          44
     kurant_path       128
     cfghdr1            44
     cfghdr_m41         44
     cfghdr4_1          44
     Is_Vibra_Enabled    4
     cfgcbox6           64
     cfghdr4_2          44
     vibra_count         4
     cfghdr4_3          44
     vibra_power         4
     cfghdr_m40         44

 
 888 bytes in segment CONFIG_C
 
 888 bytes of CONST memory

Errors: none
Warnings: none
