##############################################################################
#                                                                            #
# IAR ARM ANSI C/C++ Compiler V4.42A/W32 EVALUATION    02/Dec/2011  21:06:57 #
# Copyright 1999-2005 IAR Systems. All rights reserved.                      #
#                                                                            #
#    Cpu mode        =  interwork                                            #
#    Endian          =  little                                               #
#    Stack alignment =  4                                                    #
#    Source file     =  D:\SVN\SieELF\SieELF\MultiSimPatch\MultiSimElf\confi #
#                       g_data.c                                             #
#    Command line    =  D:\SVN\SieELF\SieELF\MultiSimPatch\MultiSimElf\confi #
#                       g_data.c -D NEWSGOLD -lC D:\SVN\SieELF\SieELF\MultiS #
#                       imPatch\tmp\ -lA D:\SVN\SieELF\SieELF\MultiSimPatch\ #
#                       tmp\ -o D:\SVN\SieELF\SieELF\MultiSimPatch\tmp\ -s9  #
#                       --no_unroll --cpu_mode arm --endian little --cpu     #
#                       ARM926EJ-S --stack_align 4 --interwork -e --fpu      #
#                       None --segment code=CONFIG --segment data=CONFIG -I  #
#                       "D:\Program Files\IAR\Embedded Workbench 4.0         #
#                       Evaluation\ARM\INC\" --inline_threshold=2            #
#    List file       =  D:\SVN\SieELF\SieELF\MultiSimPatch\tmp\config_data.l #
#                       st                                                   #
#    Object file     =  D:\SVN\SieELF\SieELF\MultiSimPatch\tmp\config_data.r #
#                       79                                                   #
#                                                                            #
#                                                                            #
##############################################################################

D:\SVN\SieELF\SieELF\MultiSimPatch\MultiSimElf\config_data.c
      1          #pragma segment="CONFIG_C"
      2          #include "..\..\inc\cfg_items.h"
      3          #include "..\..\inc\swilib.h"
      4          #include "language.h"
      5          //Конфигурация
      6          
      7          #ifdef NEWSGOLD
      8          #ifndef DISK0 
      9          #define DEFAULT_DISK_CFG "4"
     10          #else 
     11          #define DEFAULT_DISK_CFG "0"
     12          #endif 
     13          #else
     14          #define DEFAULT_DISK_CFG "0"
     15          #endif
     16          
     17          

   \                                 In segment CONFIG_C, align 4, align-sorted, root
     18          __root const CFG_HDR ch0={CFG_STR_UTF8,LG_CFG_PATH5400S,0,63};
   \                     ch0:
   \   00000000   02000000           DC32 2
   \   00000004   C2B7BEB63534       DC8 "\302\267\276\2665401"
   \              303100      
   \   0000000D   000000000000       DC8 0, 0, 0, 0, 0, 0, 0, 0, 0, 0, 0, 0, 0, 0, 0, 0, 0, 0, 0, 0, 0, 0, 0
   \              000000000000
   \              000000000000
   \              0000000000  
   \   00000024   000000003F00       DC32 0, 63
   \              0000        

   \                                 In segment CONFIG_C, align 4, align-sorted, root
     19          __root const char f5401s[64]=DEFAULT_DISK_CFG ":\\misc\\5401.txt";
   \                     f5401s:
   \   00000000   343A5C6D6973       DC8 "4:\\misc\\5401.txt"
   \              635C35343031
   \              2E74787400  
   \   00000011   000000000000       DC8 0, 0, 0, 0, 0, 0, 0, 0, 0, 0, 0, 0, 0, 0, 0, 0
   \              000000000000
   \              00000000    
   \   00000021   000000000000       DC8 0, 0, 0, 0, 0, 0, 0, 0, 0, 0, 0, 0, 0, 0, 0, 0
   \              000000000000
   \              00000000    
   \   00000031   000000000000       DC8 0, 0, 0, 0, 0, 0, 0, 0, 0, 0, 0, 0, 0, 0, 0
   \              000000000000
   \              000000      

   \                                 In segment CONFIG_C, align 4, align-sorted, root
     20          __root const CFG_HDR ch1={CFG_STR_UTF8,LG_CFG_PATH5401S,0,63};
   \                     ch1:
   \   00000000   02000000           DC32 2
   \   00000004   C2B7BEB63534       DC8 "\302\267\276\2665402"
   \              303200      
   \   0000000D   000000000000       DC8 0, 0, 0, 0, 0, 0, 0, 0, 0, 0, 0, 0, 0, 0, 0, 0, 0, 0, 0, 0, 0, 0, 0
   \              000000000000
   \              000000000000
   \              0000000000  
   \   00000024   000000003F00       DC32 0, 63
   \              0000        

   \                                 In segment CONFIG_C, align 4, align-sorted, root
     21          __root const char f5402s[64]=DEFAULT_DISK_CFG ":\\misc\\5402.txt";
   \                     f5402s:
   \   00000000   343A5C6D6973       DC8 "4:\\misc\\5402.txt"
   \              635C35343032
   \              2E74787400  
   \   00000011   000000000000       DC8 0, 0, 0, 0, 0, 0, 0, 0, 0, 0, 0, 0, 0, 0, 0, 0
   \              000000000000
   \              00000000    
   \   00000021   000000000000       DC8 0, 0, 0, 0, 0, 0, 0, 0, 0, 0, 0, 0, 0, 0, 0, 0
   \              000000000000
   \              00000000    
   \   00000031   000000000000       DC8 0, 0, 0, 0, 0, 0, 0, 0, 0, 0, 0, 0, 0, 0, 0
   \              000000000000
   \              000000      
     22          
     23          

   \                                 In segment CONFIG_C, align 4, align-sorted, root
     24          __root const CFG_HDR cl0={CFG_LEVEL,LG_CFG_SEC_FCLICK,1,0};
   \                     cl0:
   \   00000000   09000000           DC32 9
   \   00000004   C7D0BBBBC9E8       DC8 "\307\320\273\273\311\350\326\303"
   \              D6C300      
   \   0000000D   000000000000       DC8 0, 0, 0, 0, 0, 0, 0, 0, 0, 0, 0, 0, 0, 0, 0, 0, 0, 0, 0, 0, 0, 0, 0
   \              000000000000
   \              000000000000
   \              0000000000  
   \   00000024   010000000000       DC32 1, 0
   \              0000        
     25          

   \                                 In segment CONFIG_C, align 4, align-sorted, root
     26          __root const CFG_HDR ch4={CFG_CHECKBOX,LG_CFG_NSIMENABLE,0,2};
   \                     ch4:
   \   00000000   0B000000           DC32 11
   \   00000004   D4CAD0EDBFEC       DC8 "\324\312\320\355\277\354\313\331\307\320\273\273"
   \              CBD9C7D0BBBB
   \              00          
   \   00000011   000000000000       DC8 0, 0, 0, 0, 0, 0, 0, 0, 0, 0, 0, 0, 0, 0, 0, 0, 0, 0, 0
   \              000000000000
   \              000000000000
   \              00          
   \   00000024   000000000200       DC32 0, 2
   \              0000        

   \                                 In segment CONFIG_C, align 4, align-sorted, root
     27          __root const unsigned int onc_ena=0;   //on click change
   \                     onc_ena:
   \   00000000   00000000           DC32 0
     28          

   \                                 In segment CONFIG_C, align 4, align-sorted, root
     29          __root const CFG_HDR ch2={CFG_UINT,LG_CFG_NMAINSIM,0,9};
   \                     ch2:
   \   00000000   01000000           DC32 1
   \   00000004   D6F753494DBF       DC8 "\326\367SIM\277\250\272\305\302\353"
   \              A8BAC5C2EB00
   \   00000010   000000000000       DC8 0, 0, 0, 0, 0, 0, 0, 0, 0, 0, 0, 0, 0, 0, 0, 0, 0, 0, 0, 0
   \              000000000000
   \              000000000000
   \              0000        
   \   00000024   000000000900       DC32 0, 9
   \              0000        

   \                                 In segment CONFIG_C, align 4, align-sorted, root
     30          __root const unsigned int onc_sim=2;
   \                     onc_sim:
   \   00000000   02000000           DC32 2

   \                                 In segment CONFIG_C, align 4, align-sorted, root
     31          __root const CFG_HDR ch3={CFG_UINT,LG_CFG_NADITSIM,0,9};
   \                     ch3:
   \   00000000   01000000           DC32 1
   \   00000004   B8B153494DBF       DC8 "\270\261SIM\277\250\272\305\302\353"
   \              A8BAC5C2EB00
   \   00000010   000000000000       DC8 0, 0, 0, 0, 0, 0, 0, 0, 0, 0, 0, 0, 0, 0, 0, 0, 0, 0, 0, 0
   \              000000000000
   \              000000000000
   \              0000        
   \   00000024   000000000900       DC32 0, 9
   \              0000        

   \                                 In segment CONFIG_C, align 4, align-sorted, root
     32          __root const unsigned int onc_sim2=1;
   \                     onc_sim2:
   \   00000000   01000000           DC32 1
     33          
     34           
     35          

   \                                 In segment CONFIG_C, align 4, align-sorted, root
     36          __root const CFG_HDR _l1={CFG_LEVEL,"",0,0};
   \                     _l1:
   \   00000000   09000000           DC32 9
   \   00000004   00                 DC8 ""
   \   00000005   000000000000       DC8 0, 0, 0, 0, 0, 0, 0, 0, 0, 0, 0, 0, 0, 0, 0, 0
   \              000000000000
   \              00000000    
   \   00000015   000000000000       DC8 0, 0, 0, 0, 0, 0, 0, 0, 0, 0, 0, 0, 0, 0, 0
   \              000000000000
   \              000000      
   \   00000024   000000000000       DC32 0, 0
   \              0000        
     37          
     38          
     39          
     40          
     41          
     42          


   Segment part sizes:

     Function/Label Bytes
     -------------- -----
     ch0              44
     f5401s           64
     ch1              44
     f5402s           64
     cl0              44
     ch4              44
     onc_ena           4
     ch2              44
     onc_sim           4
     ch3              44
     onc_sim2          4
     _l1              44

 
 448 bytes in segment CONFIG_C
 
 448 bytes of CONST memory

Errors: none
Warnings: none
