##############################################################################
#                                                                            #
# IAR ARM ANSI C/C++ Compiler V4.42A/W32 EVALUATION    12/Jan/2012  10:48:39 #
# Copyright 1999-2005 IAR Systems. All rights reserved.                      #
#                                                                            #
#    Cpu mode        =  interwork                                            #
#    Endian          =  little                                               #
#    Stack alignment =  4                                                    #
#    Source file     =  D:\SVN\SieELF\SieELF\NSG_ELF_Emulator\NSE_ELF\config #
#                       _data.c                                              #
#    Command line    =  D:\SVN\SieELF\SieELF\NSG_ELF_Emulator\NSE_ELF\config #
#                       _data.c -lC "D:\SVN\SieELF\SieELF\NSG_ELF_Emulator\N #
#                       SE_ELF\Other\SGold x65\List\" -o                     #
#                       "D:\SVN\SieELF\SieELF\NSG_ELF_Emulator\NSE_ELF\Other #
#                       \SGold x65\Obj\" -s9 --no_unroll --no_tbaa           #
#                       --cpu_mode arm --endian little --cpu ARM926EJ-S      #
#                       --stack_align 4 --interwork -e --fpu None            #
#                       --dlib_config "D:\Program Files\IAR\Embedded         #
#                       Workbench 4.0 Evaluation\ARM\LIB\dl5tpainl8n.h"      #
#                       --segment code=CONFIG --segment data=CONFIG -I       #
#                       "D:\Program Files\IAR\Embedded Workbench 4.0         #
#                       Evaluation\ARM\INC\" --inline_threshold=2            #
#    List file       =  D:\SVN\SieELF\SieELF\NSG_ELF_Emulator\NSE_ELF\Other\ #
#                       SGold x65\List\config_data.lst                       #
#    Object file     =  D:\SVN\SieELF\SieELF\NSG_ELF_Emulator\NSE_ELF\Other\ #
#                       SGold x65\Obj\config_data.r79                        #
#                                                                            #
#                                                                            #
##############################################################################

D:\SVN\SieELF\SieELF\NSG_ELF_Emulator\NSE_ELF\config_data.c
      1          #include "..\inc\swilib.h"
      2          #include "..\inc\cfg_items.h"
      3          

   \                                 In segment CONFIG_C, align 4, align-sorted, root
      4          __root const CFG_HDR cfghdr_01_begin={CFG_LEVEL,"功能",1,0};
   \                     cfghdr_01_begin:
   \   00000000   09000000           DC32 9
   \   00000004   B9A6C4DC00         DC8 "\271\246\304\334"
   \   00000009   000000000000       DC8 0, 0, 0, 0, 0, 0, 0, 0, 0, 0, 0, 0, 0, 0, 0, 0
   \              000000000000
   \              00000000    
   \   00000019   000000000000       DC8 0, 0, 0, 0, 0, 0, 0, 0, 0, 0, 0
   \              0000000000  
   \   00000024   010000000000       DC32 1, 0
   \              0000        
      5          
      6          

   \                                 In segment CONFIG_C, align 4, align-sorted, root
      7          __root const CFG_HDR cfghdr_01_00_begin={CFG_LEVEL,"创建CSM",1,0};
   \                     cfghdr_01_00_begin:
   \   00000000   09000000           DC32 9
   \   00000004   B4B4BDA84353       DC8 "\264\264\275\250CSM"
   \              4D00        
   \   0000000C   000000000000       DC8 0, 0, 0, 0, 0, 0, 0, 0, 0, 0, 0, 0, 0, 0, 0, 0
   \              000000000000
   \              00000000    
   \   0000001C   000000000000       DC8 0, 0, 0, 0, 0, 0, 0, 0
   \              0000        
   \   00000024   010000000000       DC32 1, 0
   \              0000        
      8          
      9          

   \                                 In segment CONFIG_C, align 4, align-sorted, root
     10          __root const CFG_HDR cfghdr_01_00__1={CFG_CBOX,"动作",0,2};
   \                     cfghdr_01_00__1:
   \   00000000   05000000           DC32 5
   \   00000004   B6AFD7F700         DC8 "\266\257\327\367"
   \   00000009   000000000000       DC8 0, 0, 0, 0, 0, 0, 0, 0, 0, 0, 0, 0, 0, 0, 0, 0
   \              000000000000
   \              00000000    
   \   00000019   000000000000       DC8 0, 0, 0, 0, 0, 0, 0, 0, 0, 0, 0
   \              0000000000  
   \   00000024   000000000200       DC32 0, 2
   \              0000        

   \                                 In segment CONFIG_C, align 4, align-sorted, root
     11          __root const unsigned int bcfg_csm_act = 1;
   \                     bcfg_csm_act:
   \   00000000   01000000           DC32 1

   \                                 In segment CONFIG_C, align 4, align-sorted, root
     12          __root const CFG_CBOX_ITEM cfghdr_01_00__1c[2]={"关闭NsgCSM","修正NsgCSM"};
   \                     cfghdr_01_00__1c:
   \   00000000   B9D8B1D54E73       DC8 "\271\330\261\325NsgCSM"
   \              6743534D00  
   \   0000000B   000000000000       DC8 0, 0, 0, 0, 0, 0, 0, 0, 0, 0, 0, 0, 0, 0, 0, 0, 0, 0, 0, 0, 0
   \              000000000000
   \              000000000000
   \              000000      
   \   00000020   D0DED5FD4E73       DC8 "\320\336\325\375NsgCSM"
   \              6743534D00  
   \   0000002B   000000000000       DC8 0, 0, 0, 0, 0, 0, 0, 0, 0, 0, 0, 0, 0, 0, 0, 0, 0, 0, 0, 0, 0
   \              000000000000
   \              000000000000
   \              000000      
     13          

   \                                 In segment CONFIG_C, align 4, align-sorted, root
     14          __root const CFG_HDR cfghdr_01_00__2={CFG_CHECKBOX,"标示NsgCSM",0,0};
   \                     cfghdr_01_00__2:
   \   00000000   0B000000           DC32 11
   \   00000004   B1EACABE4E73       DC8 "\261\352\312\276NsgCSM"
   \              6743534D00  
   \   0000000F   000000000000       DC8 0, 0, 0, 0, 0, 0, 0, 0, 0, 0, 0, 0, 0, 0, 0, 0, 0, 0, 0, 0, 0
   \              000000000000
   \              000000000000
   \              000000      
   \   00000024   000000000000       DC32 0, 0
   \              0000        

   \                                 In segment CONFIG_C, align 4, align-sorted, root
     15          __root const int bcfg_markcsm_ena = 1;
   \                     bcfg_markcsm_ena:
   \   00000000   01000000           DC32 1
     16          

   \                                 In segment CONFIG_C, align 4, align-sorted, root
     17          __root const CFG_HDR cfghdr_01_00_end={CFG_LEVEL,"",0,0};
   \                     cfghdr_01_00_end:
   \   00000000   09000000           DC32 9
   \   00000004   00                 DC8 ""
   \   00000005   000000000000       DC8 0, 0, 0, 0, 0, 0, 0, 0, 0, 0, 0, 0, 0, 0, 0, 0
   \              000000000000
   \              00000000    
   \   00000015   000000000000       DC8 0, 0, 0, 0, 0, 0, 0, 0, 0, 0, 0, 0, 0, 0, 0
   \              000000000000
   \              000000      
   \   00000024   000000000000       DC32 0, 0
   \              0000        
     18          
     19          
     20          
     21          

   \                                 In segment CONFIG_C, align 4, align-sorted, root
     22          __root const CFG_HDR cfghdr_01_01_begin={CFG_LEVEL,"创建GUI",1,0};
   \                     cfghdr_01_01_begin:
   \   00000000   09000000           DC32 9
   \   00000004   B4B4BDA84755       DC8 "\264\264\275\250GUI"
   \              4900        
   \   0000000C   000000000000       DC8 0, 0, 0, 0, 0, 0, 0, 0, 0, 0, 0, 0, 0, 0, 0, 0
   \              000000000000
   \              00000000    
   \   0000001C   000000000000       DC8 0, 0, 0, 0, 0, 0, 0, 0
   \              0000        
   \   00000024   010000000000       DC32 1, 0
   \              0000        
     23          
     24          

   \                                 In segment CONFIG_C, align 4, align-sorted, root
     25          __root const CFG_HDR cfghdr_01_01__1={CFG_CHECKBOX,"SWI 0x136",0,0};
   \                     cfghdr_01_01__1:
   \   00000000   0B000000           DC32 11
   \   00000004   535749203078       DC8 "SWI 0x136"
   \              31333600    
   \   0000000E   000000000000       DC8 0, 0, 0, 0, 0, 0, 0, 0, 0, 0, 0, 0, 0, 0, 0, 0, 0, 0, 0, 0, 0, 0
   \              000000000000
   \              000000000000
   \              00000000    
   \   00000024   000000000000       DC32 0, 0
   \              0000        

   \                                 In segment CONFIG_C, align 4, align-sorted, root
     26          __root const int bcfg_0x136_ena = 1;
   \                     bcfg_0x136_ena:
   \   00000000   01000000           DC32 1
     27          

   \                                 In segment CONFIG_C, align 4, align-sorted, root
     28          __root const CFG_HDR cfghdr_01_01__2={CFG_CHECKBOX,"SWI 0x137",0,0};
   \                     cfghdr_01_01__2:
   \   00000000   0B000000           DC32 11
   \   00000004   535749203078       DC8 "SWI 0x137"
   \              31333700    
   \   0000000E   000000000000       DC8 0, 0, 0, 0, 0, 0, 0, 0, 0, 0, 0, 0, 0, 0, 0, 0, 0, 0, 0, 0, 0, 0
   \              000000000000
   \              000000000000
   \              00000000    
   \   00000024   000000000000       DC32 0, 0
   \              0000        

   \                                 In segment CONFIG_C, align 4, align-sorted, root
     29          __root const int bcfg_0x137_ena = 1;
   \                     bcfg_0x137_ena:
   \   00000000   01000000           DC32 1
     30          

   \                                 In segment CONFIG_C, align 4, align-sorted, root
     31          __root const CFG_HDR cfghdr_01_01__3={CFG_CHECKBOX,"SWI 0x138",0,0};
   \                     cfghdr_01_01__3:
   \   00000000   0B000000           DC32 11
   \   00000004   535749203078       DC8 "SWI 0x138"
   \              31333800    
   \   0000000E   000000000000       DC8 0, 0, 0, 0, 0, 0, 0, 0, 0, 0, 0, 0, 0, 0, 0, 0, 0, 0, 0, 0, 0, 0
   \              000000000000
   \              000000000000
   \              00000000    
   \   00000024   000000000000       DC32 0, 0
   \              0000        

   \                                 In segment CONFIG_C, align 4, align-sorted, root
     32          __root const int bcfg_0x138_ena = 1;
   \                     bcfg_0x138_ena:
   \   00000000   01000000           DC32 1
     33          

   \                                 In segment CONFIG_C, align 4, align-sorted, root
     34          __root const CFG_HDR cfghdr_01_01__4={CFG_CHECKBOX,"SWI 0x139",0,0};
   \                     cfghdr_01_01__4:
   \   00000000   0B000000           DC32 11
   \   00000004   535749203078       DC8 "SWI 0x139"
   \              31333900    
   \   0000000E   000000000000       DC8 0, 0, 0, 0, 0, 0, 0, 0, 0, 0, 0, 0, 0, 0, 0, 0, 0, 0, 0, 0, 0, 0
   \              000000000000
   \              000000000000
   \              00000000    
   \   00000024   000000000000       DC32 0, 0
   \              0000        

   \                                 In segment CONFIG_C, align 4, align-sorted, root
     35          __root const int bcfg_0x139_ena = 1;
   \                     bcfg_0x139_ena:
   \   00000000   01000000           DC32 1
     36          

   \                                 In segment CONFIG_C, align 4, align-sorted, root
     37          __root const CFG_HDR cfghdr_01_01__5={CFG_CHECKBOX,"SWI 0x13A",0,0};
   \                     cfghdr_01_01__5:
   \   00000000   0B000000           DC32 11
   \   00000004   535749203078       DC8 "SWI 0x13A"
   \              31334100    
   \   0000000E   000000000000       DC8 0, 0, 0, 0, 0, 0, 0, 0, 0, 0, 0, 0, 0, 0, 0, 0, 0, 0, 0, 0, 0, 0
   \              000000000000
   \              000000000000
   \              00000000    
   \   00000024   000000000000       DC32 0, 0
   \              0000        

   \                                 In segment CONFIG_C, align 4, align-sorted, root
     38          __root const int bcfg_0x13A_ena = 1;
   \                     bcfg_0x13A_ena:
   \   00000000   01000000           DC32 1
     39          
     40          

   \                                 In segment CONFIG_C, align 4, align-sorted, root
     41          __root const CFG_HDR cfghdr_01_01_end={CFG_LEVEL,"",0,0};
   \                     cfghdr_01_01_end:
   \   00000000   09000000           DC32 9
   \   00000004   00                 DC8 ""
   \   00000005   000000000000       DC8 0, 0, 0, 0, 0, 0, 0, 0, 0, 0, 0, 0, 0, 0, 0, 0
   \              000000000000
   \              00000000    
   \   00000015   000000000000       DC8 0, 0, 0, 0, 0, 0, 0, 0, 0, 0, 0, 0, 0, 0, 0
   \              000000000000
   \              000000      
   \   00000024   000000000000       DC32 0, 0
   \              0000        
     42          
     43          
     44          
     45          

   \                                 In segment CONFIG_C, align 4, align-sorted, root
     46          __root const CFG_HDR cfghdr_01_02_begin={CFG_LEVEL,"创建UI",1,0};
   \                     cfghdr_01_02_begin:
   \   00000000   09000000           DC32 9
   \   00000004   B4B4BDA85549       DC8 "\264\264\275\250UI"
   \              00          
   \   0000000B   000000000000       DC8 0, 0, 0, 0, 0, 0, 0, 0, 0, 0, 0, 0, 0, 0, 0, 0
   \              000000000000
   \              00000000    
   \   0000001B   000000000000       DC8 0, 0, 0, 0, 0, 0, 0, 0, 0
   \              000000      
   \   00000024   010000000000       DC32 1, 0
   \              0000        
     47          
     48          

   \                                 In segment CONFIG_C, align 4, align-sorted, root
     49          __root const CFG_HDR cfghdr_01_02__1={CFG_CHECKBOX,"SWI 0x152",0,0};
   \                     cfghdr_01_02__1:
   \   00000000   0B000000           DC32 11
   \   00000004   535749203078       DC8 "SWI 0x152"
   \              31353200    
   \   0000000E   000000000000       DC8 0, 0, 0, 0, 0, 0, 0, 0, 0, 0, 0, 0, 0, 0, 0, 0, 0, 0, 0, 0, 0, 0
   \              000000000000
   \              000000000000
   \              00000000    
   \   00000024   000000000000       DC32 0, 0
   \              0000        

   \                                 In segment CONFIG_C, align 4, align-sorted, root
     50          __root const int bcfg_0x152_ena = 1;
   \                     bcfg_0x152_ena:
   \   00000000   01000000           DC32 1
     51          

   \                                 In segment CONFIG_C, align 4, align-sorted, root
     52          __root const CFG_HDR cfghdr_01_02__2={CFG_CHECKBOX,"SWI 0x167",0,0};
   \                     cfghdr_01_02__2:
   \   00000000   0B000000           DC32 11
   \   00000004   535749203078       DC8 "SWI 0x167"
   \              31363700    
   \   0000000E   000000000000       DC8 0, 0, 0, 0, 0, 0, 0, 0, 0, 0, 0, 0, 0, 0, 0, 0, 0, 0, 0, 0, 0, 0
   \              000000000000
   \              000000000000
   \              00000000    
   \   00000024   000000000000       DC32 0, 0
   \              0000        

   \                                 In segment CONFIG_C, align 4, align-sorted, root
     53          __root const int bcfg_0x167_ena = 1;
   \                     bcfg_0x167_ena:
   \   00000000   01000000           DC32 1
     54          

   \                                 In segment CONFIG_C, align 4, align-sorted, root
     55          __root const CFG_HDR cfghdr_01_02__3={CFG_CHECKBOX,"SWI 0x217",0,0};
   \                     cfghdr_01_02__3:
   \   00000000   0B000000           DC32 11
   \   00000004   535749203078       DC8 "SWI 0x217"
   \              32313700    
   \   0000000E   000000000000       DC8 0, 0, 0, 0, 0, 0, 0, 0, 0, 0, 0, 0, 0, 0, 0, 0, 0, 0, 0, 0, 0, 0
   \              000000000000
   \              000000000000
   \              00000000    
   \   00000024   000000000000       DC32 0, 0
   \              0000        

   \                                 In segment CONFIG_C, align 4, align-sorted, root
     56          __root const int bcfg_0x217_ena = 1;
   \                     bcfg_0x217_ena:
   \   00000000   01000000           DC32 1
     57          
     58          

   \                                 In segment CONFIG_C, align 4, align-sorted, root
     59          __root const CFG_HDR cfghdr_01_02_end={CFG_LEVEL,"",0,0};
   \                     cfghdr_01_02_end:
   \   00000000   09000000           DC32 9
   \   00000004   00                 DC8 ""
   \   00000005   000000000000       DC8 0, 0, 0, 0, 0, 0, 0, 0, 0, 0, 0, 0, 0, 0, 0, 0
   \              000000000000
   \              00000000    
   \   00000015   000000000000       DC8 0, 0, 0, 0, 0, 0, 0, 0, 0, 0, 0, 0, 0, 0, 0
   \              000000000000
   \              000000      
   \   00000024   000000000000       DC32 0, 0
   \              0000        
     60          
     61          
     62          
     63          

   \                                 In segment CONFIG_C, align 4, align-sorted, root
     64          __root const CFG_HDR cfghdr_01_03_begin={CFG_LEVEL,"音乐播放",1,0};
   \                     cfghdr_01_03_begin:
   \   00000000   09000000           DC32 9
   \   00000004   D2F4C0D6B2A5       DC8 "\322\364\300\326\262\245\267\305"
   \              B7C500      
   \   0000000D   000000000000       DC8 0, 0, 0, 0, 0, 0, 0, 0, 0, 0, 0, 0, 0, 0, 0, 0, 0, 0, 0, 0, 0, 0, 0
   \              000000000000
   \              000000000000
   \              0000000000  
   \   00000024   010000000000       DC32 1, 0
   \              0000        
     65          
     66          

   \                                 In segment CONFIG_C, align 4, align-sorted, root
     67          __root const CFG_HDR cfghdr_01_03__1={CFG_CHECKBOX,"SWI 0x04A",0,0};
   \                     cfghdr_01_03__1:
   \   00000000   0B000000           DC32 11
   \   00000004   535749203078       DC8 "SWI 0x04A"
   \              30344100    
   \   0000000E   000000000000       DC8 0, 0, 0, 0, 0, 0, 0, 0, 0, 0, 0, 0, 0, 0, 0, 0, 0, 0, 0, 0, 0, 0
   \              000000000000
   \              000000000000
   \              00000000    
   \   00000024   000000000000       DC32 0, 0
   \              0000        

   \                                 In segment CONFIG_C, align 4, align-sorted, root
     68          __root const int bcfg_0x04A_ena = 1;
   \                     bcfg_0x04A_ena:
   \   00000000   01000000           DC32 1
     69          

   \                                 In segment CONFIG_C, align 4, align-sorted, root
     70          __root const CFG_HDR cfghdr_01_03__2={CFG_CHECKBOX,"SWI 0x099",0,0};
   \                     cfghdr_01_03__2:
   \   00000000   0B000000           DC32 11
   \   00000004   535749203078       DC8 "SWI 0x099"
   \              30393900    
   \   0000000E   000000000000       DC8 0, 0, 0, 0, 0, 0, 0, 0, 0, 0, 0, 0, 0, 0, 0, 0, 0, 0, 0, 0, 0, 0
   \              000000000000
   \              000000000000
   \              00000000    
   \   00000024   000000000000       DC32 0, 0
   \              0000        

   \                                 In segment CONFIG_C, align 4, align-sorted, root
     71          __root const int bcfg_0x099_ena = 1;
   \                     bcfg_0x099_ena:
   \   00000000   01000000           DC32 1
     72          
     73          

   \                                 In segment CONFIG_C, align 4, align-sorted, root
     74          __root const CFG_HDR cfghdr_01_03_end={CFG_LEVEL,"",0,0};
   \                     cfghdr_01_03_end:
   \   00000000   09000000           DC32 9
   \   00000004   00                 DC8 ""
   \   00000005   000000000000       DC8 0, 0, 0, 0, 0, 0, 0, 0, 0, 0, 0, 0, 0, 0, 0, 0
   \              000000000000
   \              00000000    
   \   00000015   000000000000       DC8 0, 0, 0, 0, 0, 0, 0, 0, 0, 0, 0, 0, 0, 0, 0
   \              000000000000
   \              000000      
   \   00000024   000000000000       DC32 0, 0
   \              0000        
     75          
     76          
     77          
     78          

   \                                 In segment CONFIG_C, align 4, align-sorted, root
     79          __root const CFG_HDR cfghdr_01_04_begin={CFG_LEVEL,"文件系统",1,0};
   \                     cfghdr_01_04_begin:
   \   00000000   09000000           DC32 9
   \   00000004   CEC4BCFECFB5       DC8 "\316\304\274\376\317\265\315\263"
   \              CDB300      
   \   0000000D   000000000000       DC8 0, 0, 0, 0, 0, 0, 0, 0, 0, 0, 0, 0, 0, 0, 0, 0, 0, 0, 0, 0, 0, 0, 0
   \              000000000000
   \              000000000000
   \              0000000000  
   \   00000024   010000000000       DC32 1, 0
   \              0000        
     80          

   \                                 In segment CONFIG_C, align 4, align-sorted, root
     81          __root const CFG_HDR cfghdr_01_04__1={CFG_CBOX,"ELF运行反馈FS类型",0,2};
   \                     cfghdr_01_04__1:
   \   00000000   05000000           DC32 5
   \   00000004   454C46D4CBD0       DC8 "ELF\324\313\320\320\267\264\300\241FS\300\340\320\315"
   \              D0B7B4C0A146
   \              53C0E0D0CD00
   \   00000016   000000000000       DC8 0, 0, 0, 0, 0, 0, 0, 0, 0, 0, 0, 0, 0, 0
   \              000000000000
   \              0000        
   \   00000024   000000000200       DC32 0, 2
   \              0000        

   \                                 In segment CONFIG_C, align 4, align-sorted, root
     82          __root const unsigned int bcfg_fss_fstype = 0;
   \                     bcfg_fss_fstype:
   \   00000000   00000000           DC32 0

   \                                 In segment CONFIG_C, align 4, align-sorted, root
     83          __root const CFG_CBOX_ITEM cfghdr_01_04__01c[2]={"SGold","智能"};
   \                     cfghdr_01_04__01c:
   \   00000000   53476F6C6400       DC8 "SGold"
   \   00000006   000000000000       DC8 0, 0, 0, 0, 0, 0, 0, 0, 0, 0, 0, 0, 0, 0, 0, 0
   \              000000000000
   \              00000000    
   \   00000016   000000000000       DC8 0, 0, 0, 0, 0, 0, 0, 0, 0, 0
   \              00000000    
   \   00000020   D6C7C4DC00         DC8 "\326\307\304\334"
   \   00000025   000000000000       DC8 0, 0, 0, 0, 0, 0, 0, 0, 0, 0, 0, 0, 0, 0, 0, 0
   \              000000000000
   \              00000000    
   \   00000035   000000000000       DC8 0, 0, 0, 0, 0, 0, 0, 0, 0, 0, 0
   \              0000000000  
     84          

   \                                 In segment CONFIG_C, align 4, align-sorted, root
     85          __root const CFG_HDR cfghdr_01_04__2={CFG_CBOX,"按键模式",0,3};
   \                     cfghdr_01_04__2:
   \   00000000   05000000           DC32 5
   \   00000004   B0B4BCFCC4A3       DC8 "\260\264\274\374\304\243\312\275"
   \              CABD00      
   \   0000000D   000000000000       DC8 0, 0, 0, 0, 0, 0, 0, 0, 0, 0, 0, 0, 0, 0, 0, 0, 0, 0, 0, 0, 0, 0, 0
   \              000000000000
   \              000000000000
   \              0000000000  
   \   00000024   000000000300       DC32 0, 3
   \              0000        

   \                                 In segment CONFIG_C, align 4, align-sorted, root
     86          __root const unsigned int bcfg_fss_type = 0;
   \                     bcfg_fss_type:
   \   00000000   00000000           DC32 0

   \                                 In segment CONFIG_C, align 4, align-sorted, root
     87          __root const CFG_CBOX_ITEM cfghdr_01_04__2c[3]={"非按键","短按","长按"};
   \                     cfghdr_01_04__2c:
   \   00000000   B7C7B0B4BCFC       DC8 "\267\307\260\264\274\374"
   \              00          
   \   00000007   000000000000       DC8 0, 0, 0, 0, 0, 0, 0, 0, 0, 0, 0, 0, 0, 0, 0, 0
   \              000000000000
   \              00000000    
   \   00000017   000000000000       DC8 0, 0, 0, 0, 0, 0, 0, 0, 0
   \              000000      
   \   00000020   B6CCB0B400         DC8 "\266\314\260\264"
   \   00000025   000000000000       DC8 0, 0, 0, 0, 0, 0, 0, 0, 0, 0, 0, 0, 0, 0, 0, 0
   \              000000000000
   \              00000000    
   \   00000035   000000000000       DC8 0, 0, 0, 0, 0, 0, 0, 0, 0, 0, 0
   \              0000000000  
   \   00000040   B3A4B0B400         DC8 "\263\244\260\264"
   \   00000045   000000000000       DC8 0, 0, 0, 0, 0, 0, 0, 0, 0, 0, 0, 0, 0, 0, 0, 0
   \              000000000000
   \              00000000    
   \   00000055   000000000000       DC8 0, 0, 0, 0, 0, 0, 0, 0, 0, 0, 0
   \              0000000000  
     88          

   \                                 In segment CONFIG_C, align 4, align-sorted, root
     89          __root const CFG_HDR cfghdr_01_04__3={CFG_KEYCODE,"按键",0,99};
   \                     cfghdr_01_04__3:
   \   00000000   11000000           DC32 17
   \   00000004   B0B4BCFC00         DC8 "\260\264\274\374"
   \   00000009   000000000000       DC8 0, 0, 0, 0, 0, 0, 0, 0, 0, 0, 0, 0, 0, 0, 0, 0
   \              000000000000
   \              00000000    
   \   00000019   000000000000       DC8 0, 0, 0, 0, 0, 0, 0, 0, 0, 0, 0
   \              0000000000  
   \   00000024   000000006300       DC32 0, 99
   \              0000        

   \                                 In segment CONFIG_C, align 4, align-sorted, root
     90          __root const int bcfg_fss_key=GREEN_BUTTON;
   \                     bcfg_fss_key:
   \   00000000   0B000000           DC32 11
     91          

   \                                 In segment CONFIG_C, align 4, align-sorted, root
     92          __root const CFG_HDR cfghdr_01_04__4={CFG_CHECKBOX,"提示信息",0,0};
   \                     cfghdr_01_04__4:
   \   00000000   0B000000           DC32 11
   \   00000004   CCE1CABED0C5       DC8 "\314\341\312\276\320\305\317\242"
   \              CFA200      
   \   0000000D   000000000000       DC8 0, 0, 0, 0, 0, 0, 0, 0, 0, 0, 0, 0, 0, 0, 0, 0, 0, 0, 0, 0, 0, 0, 0
   \              000000000000
   \              000000000000
   \              0000000000  
   \   00000024   000000000000       DC32 0, 0
   \              0000        

   \                                 In segment CONFIG_C, align 4, align-sorted, root
     93          __root const int bcfg_fss_msg = 1;
   \                     bcfg_fss_msg:
   \   00000000   01000000           DC32 1
     94          
     95          

   \                                 In segment CONFIG_C, align 4, align-sorted, root
     96          __root const CFG_HDR cfghdr_01_04_end={CFG_LEVEL,"",0,0};
   \                     cfghdr_01_04_end:
   \   00000000   09000000           DC32 9
   \   00000004   00                 DC8 ""
   \   00000005   000000000000       DC8 0, 0, 0, 0, 0, 0, 0, 0, 0, 0, 0, 0, 0, 0, 0, 0
   \              000000000000
   \              00000000    
   \   00000015   000000000000       DC8 0, 0, 0, 0, 0, 0, 0, 0, 0, 0, 0, 0, 0, 0, 0
   \              000000000000
   \              000000      
   \   00000024   000000000000       DC32 0, 0
   \              0000        
     97          
     98          
     99          
    100          

   \                                 In segment CONFIG_C, align 4, align-sorted, root
    101          __root const CFG_HDR cfghdr_01_05_begin={CFG_LEVEL,"其他功能",1,0};
   \                     cfghdr_01_05_begin:
   \   00000000   09000000           DC32 9
   \   00000004   C6E4CBFBB9A6       DC8 "\306\344\313\373\271\246\304\334"
   \              C4DC00      
   \   0000000D   000000000000       DC8 0, 0, 0, 0, 0, 0, 0, 0, 0, 0, 0, 0, 0, 0, 0, 0, 0, 0, 0, 0, 0, 0, 0
   \              000000000000
   \              000000000000
   \              0000000000  
   \   00000024   010000000000       DC32 1, 0
   \              0000        
    102          
    103          

   \                                 In segment CONFIG_C, align 4, align-sorted, root
    104          __root const CFG_HDR cfghdr_01_05__1 = {CFG_CBOX, "平台判断", 0, 3};
   \                     cfghdr_01_05__1:
   \   00000000   05000000           DC32 5
   \   00000004   C6BDCCA8C5D0       DC8 "\306\275\314\250\305\320\266\317"
   \              B6CF00      
   \   0000000D   000000000000       DC8 0, 0, 0, 0, 0, 0, 0, 0, 0, 0, 0, 0, 0, 0, 0, 0, 0, 0, 0, 0, 0, 0, 0
   \              000000000000
   \              000000000000
   \              0000000000  
   \   00000024   000000000300       DC32 0, 3
   \              0000        

   \                                 In segment CONFIG_C, align 4, align-sorted, root
    105          __root const int bcfg_isnsg = 0;
   \                     bcfg_isnsg:
   \   00000000   00000000           DC32 0

   \                                 In segment CONFIG_C, align 4, align-sorted, root
    106          __root const CFG_CBOX_ITEM cfghdr_01_05__1c[3] = {"SGold", "NewSGold","ELKA"};
   \                     cfghdr_01_05__1c:
   \   00000000   53476F6C6400       DC8 "SGold"
   \   00000006   000000000000       DC8 0, 0, 0, 0, 0, 0, 0, 0, 0, 0, 0, 0, 0, 0, 0, 0
   \              000000000000
   \              00000000    
   \   00000016   000000000000       DC8 0, 0, 0, 0, 0, 0, 0, 0, 0, 0
   \              00000000    
   \   00000020   4E657753476F       DC8 "NewSGold"
   \              6C6400      
   \   00000029   000000000000       DC8 0, 0, 0, 0, 0, 0, 0, 0, 0, 0, 0, 0, 0, 0, 0, 0, 0, 0, 0, 0, 0, 0, 0
   \              000000000000
   \              000000000000
   \              0000000000  
   \   00000040   454C4B4100         DC8 "ELKA"
   \   00000045   000000000000       DC8 0, 0, 0, 0, 0, 0, 0, 0, 0, 0, 0, 0, 0, 0, 0, 0
   \              000000000000
   \              00000000    
   \   00000055   000000000000       DC8 0, 0, 0, 0, 0, 0, 0, 0, 0, 0, 0
   \              0000000000  
    107          
    108          

   \                                 In segment CONFIG_C, align 4, align-sorted, root
    109          __root const CFG_HDR cfghdr_01_05_end={CFG_LEVEL,"",0,0};
   \                     cfghdr_01_05_end:
   \   00000000   09000000           DC32 9
   \   00000004   00                 DC8 ""
   \   00000005   000000000000       DC8 0, 0, 0, 0, 0, 0, 0, 0, 0, 0, 0, 0, 0, 0, 0, 0
   \              000000000000
   \              00000000    
   \   00000015   000000000000       DC8 0, 0, 0, 0, 0, 0, 0, 0, 0, 0, 0, 0, 0, 0, 0
   \              000000000000
   \              000000      
   \   00000024   000000000000       DC32 0, 0
   \              0000        
    110          
    111          

   \                                 In segment CONFIG_C, align 4, align-sorted, root
    112          __root const CFG_HDR cfghdr_01_end={CFG_LEVEL,"",0,0};
   \                     cfghdr_01_end:
   \   00000000   09000000           DC32 9
   \   00000004   00                 DC8 ""
   \   00000005   000000000000       DC8 0, 0, 0, 0, 0, 0, 0, 0, 0, 0, 0, 0, 0, 0, 0, 0
   \              000000000000
   \              00000000    
   \   00000015   000000000000       DC8 0, 0, 0, 0, 0, 0, 0, 0, 0, 0, 0, 0, 0, 0, 0
   \              000000000000
   \              000000      
   \   00000024   000000000000       DC32 0, 0
   \              0000        
    113          
    114          
    115          
    116          

   \                                 In segment CONFIG_C, align 4, align-sorted, root
    117          __root const CFG_HDR cfghdr_02_begin={CFG_LEVEL,"按键反馈",1,0};
   \                     cfghdr_02_begin:
   \   00000000   09000000           DC32 9
   \   00000004   B0B4BCFCB7B4       DC8 "\260\264\274\374\267\264\300\241"
   \              C0A100      
   \   0000000D   000000000000       DC8 0, 0, 0, 0, 0, 0, 0, 0, 0, 0, 0, 0, 0, 0, 0, 0, 0, 0, 0, 0, 0, 0, 0
   \              000000000000
   \              000000000000
   \              0000000000  
   \   00000024   010000000000       DC32 1, 0
   \              0000        
    118          
    119          

   \                                 In segment CONFIG_C, align 4, align-sorted, root
    120          __root const CFG_HDR cfghdr_02__01={CFG_CBOX,"运行ELF按键反馈",0,2};
   \                     cfghdr_02__01:
   \   00000000   05000000           DC32 5
   \   00000004   D4CBD0D0454C       DC8 "\324\313\320\320ELF\260\264\274\374\267\264\300\241"
   \              46B0B4BCFCB7
   \              B4C0A100    
   \   00000014   000000000000       DC8 0, 0, 0, 0, 0, 0, 0, 0, 0, 0, 0, 0, 0, 0, 0, 0
   \              000000000000
   \              00000000    
   \   00000024   000000000200       DC32 0, 2
   \              0000        

   \                                 In segment CONFIG_C, align 4, align-sorted, root
    121          __root const unsigned int bcfg_ka_type = 0;
   \                     bcfg_ka_type:
   \   00000000   00000000           DC32 0

   \                                 In segment CONFIG_C, align 4, align-sorted, root
    122          __root const CFG_CBOX_ITEM cfghdr_02__01c[2]={"SGold","智能"};
   \                     cfghdr_02__01c:
   \   00000000   53476F6C6400       DC8 "SGold"
   \   00000006   000000000000       DC8 0, 0, 0, 0, 0, 0, 0, 0, 0, 0, 0, 0, 0, 0, 0, 0
   \              000000000000
   \              00000000    
   \   00000016   000000000000       DC8 0, 0, 0, 0, 0, 0, 0, 0, 0, 0
   \              00000000    
   \   00000020   D6C7C4DC00         DC8 "\326\307\304\334"
   \   00000025   000000000000       DC8 0, 0, 0, 0, 0, 0, 0, 0, 0, 0, 0, 0, 0, 0, 0, 0
   \              000000000000
   \              00000000    
   \   00000035   000000000000       DC8 0, 0, 0, 0, 0, 0, 0, 0, 0, 0, 0
   \              0000000000  
    123          

   \                                 In segment CONFIG_C, align 4, align-sorted, root
    124          __root const CFG_HDR cfghdr_02__02={CFG_CBOX,"按键类型",0,3};
   \                     cfghdr_02__02:
   \   00000000   05000000           DC32 5
   \   00000004   B0B4BCFCC0E0       DC8 "\260\264\274\374\300\340\320\315"
   \              D0CD00      
   \   0000000D   000000000000       DC8 0, 0, 0, 0, 0, 0, 0, 0, 0, 0, 0, 0, 0, 0, 0, 0, 0, 0, 0, 0, 0, 0, 0
   \              000000000000
   \              000000000000
   \              0000000000  
   \   00000024   000000000300       DC32 0, 3
   \              0000        

   \                                 In segment CONFIG_C, align 4, align-sorted, root
    125          __root const unsigned int bcfg_type = 0;
   \                     bcfg_type:
   \   00000000   00000000           DC32 0

   \                                 In segment CONFIG_C, align 4, align-sorted, root
    126          __root const CFG_CBOX_ITEM cfghdr_02__02c[3]={"非按键","短按","长按"};
   \                     cfghdr_02__02c:
   \   00000000   B7C7B0B4BCFC       DC8 "\267\307\260\264\274\374"
   \              00          
   \   00000007   000000000000       DC8 0, 0, 0, 0, 0, 0, 0, 0, 0, 0, 0, 0, 0, 0, 0, 0
   \              000000000000
   \              00000000    
   \   00000017   000000000000       DC8 0, 0, 0, 0, 0, 0, 0, 0, 0
   \              000000      
   \   00000020   B6CCB0B400         DC8 "\266\314\260\264"
   \   00000025   000000000000       DC8 0, 0, 0, 0, 0, 0, 0, 0, 0, 0, 0, 0, 0, 0, 0, 0
   \              000000000000
   \              00000000    
   \   00000035   000000000000       DC8 0, 0, 0, 0, 0, 0, 0, 0, 0, 0, 0
   \              0000000000  
   \   00000040   B3A4B0B400         DC8 "\263\244\260\264"
   \   00000045   000000000000       DC8 0, 0, 0, 0, 0, 0, 0, 0, 0, 0, 0, 0, 0, 0, 0, 0
   \              000000000000
   \              00000000    
   \   00000055   000000000000       DC8 0, 0, 0, 0, 0, 0, 0, 0, 0, 0, 0
   \              0000000000  
    127          

   \                                 In segment CONFIG_C, align 4, align-sorted, root
    128          __root const CFG_HDR cfghdr_02__03={CFG_KEYCODE,"按键",0,99};
   \                     cfghdr_02__03:
   \   00000000   11000000           DC32 17
   \   00000004   B0B4BCFC00         DC8 "\260\264\274\374"
   \   00000009   000000000000       DC8 0, 0, 0, 0, 0, 0, 0, 0, 0, 0, 0, 0, 0, 0, 0, 0
   \              000000000000
   \              00000000    
   \   00000019   000000000000       DC8 0, 0, 0, 0, 0, 0, 0, 0, 0, 0, 0
   \              0000000000  
   \   00000024   000000006300       DC32 0, 99
   \              0000        

   \                                 In segment CONFIG_C, align 4, align-sorted, root
    129          __root const int bcfg_key=GREEN_BUTTON;
   \                     bcfg_key:
   \   00000000   0B000000           DC32 11
    130          

   \                                 In segment CONFIG_C, align 4, align-sorted, root
    131          __root const CFG_HDR cfghdr_02__04={CFG_CHECKBOX,"提示信息",0,0};
   \                     cfghdr_02__04:
   \   00000000   0B000000           DC32 11
   \   00000004   CCE1CABED0C5       DC8 "\314\341\312\276\320\305\317\242"
   \              CFA200      
   \   0000000D   000000000000       DC8 0, 0, 0, 0, 0, 0, 0, 0, 0, 0, 0, 0, 0, 0, 0, 0, 0, 0, 0, 0, 0, 0, 0
   \              000000000000
   \              000000000000
   \              0000000000  
   \   00000024   000000000000       DC32 0, 0
   \              0000        

   \                                 In segment CONFIG_C, align 4, align-sorted, root
    132          __root const int bcfg_msg = 1;
   \                     bcfg_msg:
   \   00000000   01000000           DC32 1
    133          
    134          
    135          

   \                                 In segment CONFIG_C, align 4, align-sorted, root
    136          __root const CFG_HDR cfghdr_02_01_begin={CFG_LEVEL,"UI设置智能模式",1,0};
   \                     cfghdr_02_01_begin:
   \   00000000   09000000           DC32 9
   \   00000004   5549C9E8D6C3       DC8 "UI\311\350\326\303\326\307\304\334\304\243\312\275"
   \              D6C7C4DCC4A3
   \              CABD00      
   \   00000013   000000000000       DC8 0, 0, 0, 0, 0, 0, 0, 0, 0, 0, 0, 0, 0, 0, 0, 0, 0
   \              000000000000
   \              0000000000  
   \   00000024   010000000000       DC32 1, 0
   \              0000        
    137          
    138          

   \                                 In segment CONFIG_C, align 4, align-sorted, root
    139          __root const CFG_HDR cfghdr_02_01__1={CFG_CHECKBOX,"左软键",0,0};
   \                     cfghdr_02_01__1:
   \   00000000   0B000000           DC32 11
   \   00000004   D7F3C8EDBCFC       DC8 "\327\363\310\355\274\374"
   \              00          
   \   0000000B   000000000000       DC8 0, 0, 0, 0, 0, 0, 0, 0, 0, 0, 0, 0, 0, 0, 0, 0
   \              000000000000
   \              00000000    
   \   0000001B   000000000000       DC8 0, 0, 0, 0, 0, 0, 0, 0, 0
   \              000000      
   \   00000024   000000000000       DC32 0, 0
   \              0000        

   \                                 In segment CONFIG_C, align 4, align-sorted, root
    140          __root const int bcfg_ls_ena = 0;
   \                     bcfg_ls_ena:
   \   00000000   00000000           DC32 0
    141          

   \                                 In segment CONFIG_C, align 4, align-sorted, root
    142          __root const CFG_HDR cfghdr_02_01__2={CFG_CHECKBOX,"右软键",0,0};
   \                     cfghdr_02_01__2:
   \   00000000   0B000000           DC32 11
   \   00000004   D3D2C8EDBCFC       DC8 "\323\322\310\355\274\374"
   \              00          
   \   0000000B   000000000000       DC8 0, 0, 0, 0, 0, 0, 0, 0, 0, 0, 0, 0, 0, 0, 0, 0
   \              000000000000
   \              00000000    
   \   0000001B   000000000000       DC8 0, 0, 0, 0, 0, 0, 0, 0, 0
   \              000000      
   \   00000024   000000000000       DC32 0, 0
   \              0000        

   \                                 In segment CONFIG_C, align 4, align-sorted, root
    143          __root const int bcfg_rs_ena = 0;
   \                     bcfg_rs_ena:
   \   00000000   00000000           DC32 0
    144          

   \                                 In segment CONFIG_C, align 4, align-sorted, root
    145          __root const CFG_HDR cfghdr_02_01__3={CFG_CHECKBOX,"方向上",0,0};
   \                     cfghdr_02_01__3:
   \   00000000   0B000000           DC32 11
   \   00000004   B7BDCFF2C9CF       DC8 "\267\275\317\362\311\317"
   \              00          
   \   0000000B   000000000000       DC8 0, 0, 0, 0, 0, 0, 0, 0, 0, 0, 0, 0, 0, 0, 0, 0
   \              000000000000
   \              00000000    
   \   0000001B   000000000000       DC8 0, 0, 0, 0, 0, 0, 0, 0, 0
   \              000000      
   \   00000024   000000000000       DC32 0, 0
   \              0000        

   \                                 In segment CONFIG_C, align 4, align-sorted, root
    146          __root const int bcfg_ub_ena = 1;
   \                     bcfg_ub_ena:
   \   00000000   01000000           DC32 1
    147          

   \                                 In segment CONFIG_C, align 4, align-sorted, root
    148          __root const CFG_HDR cfghdr_02_01__4={CFG_CHECKBOX,"方向下",0,0};
   \                     cfghdr_02_01__4:
   \   00000000   0B000000           DC32 11
   \   00000004   B7BDCFF2CFC2       DC8 "\267\275\317\362\317\302"
   \              00          
   \   0000000B   000000000000       DC8 0, 0, 0, 0, 0, 0, 0, 0, 0, 0, 0, 0, 0, 0, 0, 0
   \              000000000000
   \              00000000    
   \   0000001B   000000000000       DC8 0, 0, 0, 0, 0, 0, 0, 0, 0
   \              000000      
   \   00000024   000000000000       DC32 0, 0
   \              0000        

   \                                 In segment CONFIG_C, align 4, align-sorted, root
    149          __root const int bcfg_db_ena = 1;
   \                     bcfg_db_ena:
   \   00000000   01000000           DC32 1
    150          

   \                                 In segment CONFIG_C, align 4, align-sorted, root
    151          __root const CFG_HDR cfghdr_02_01__5={CFG_CHECKBOX,"方向左",0,0};
   \                     cfghdr_02_01__5:
   \   00000000   0B000000           DC32 11
   \   00000004   B7BDCFF2D7F3       DC8 "\267\275\317\362\327\363"
   \              00          
   \   0000000B   000000000000       DC8 0, 0, 0, 0, 0, 0, 0, 0, 0, 0, 0, 0, 0, 0, 0, 0
   \              000000000000
   \              00000000    
   \   0000001B   000000000000       DC8 0, 0, 0, 0, 0, 0, 0, 0, 0
   \              000000      
   \   00000024   000000000000       DC32 0, 0
   \              0000        

   \                                 In segment CONFIG_C, align 4, align-sorted, root
    152          __root const int bcfg_lb_ena = 1;
   \                     bcfg_lb_ena:
   \   00000000   01000000           DC32 1
    153          

   \                                 In segment CONFIG_C, align 4, align-sorted, root
    154          __root const CFG_HDR cfghdr_02_01__6={CFG_CHECKBOX,"方向右",0,0};
   \                     cfghdr_02_01__6:
   \   00000000   0B000000           DC32 11
   \   00000004   B7BDCFF2D3D2       DC8 "\267\275\317\362\323\322"
   \              00          
   \   0000000B   000000000000       DC8 0, 0, 0, 0, 0, 0, 0, 0, 0, 0, 0, 0, 0, 0, 0, 0
   \              000000000000
   \              00000000    
   \   0000001B   000000000000       DC8 0, 0, 0, 0, 0, 0, 0, 0, 0
   \              000000      
   \   00000024   000000000000       DC32 0, 0
   \              0000        

   \                                 In segment CONFIG_C, align 4, align-sorted, root
    155          __root const int bcfg_rb_ena = 1;
   \                     bcfg_rb_ena:
   \   00000000   01000000           DC32 1
    156          
    157          

   \                                 In segment CONFIG_C, align 4, align-sorted, root
    158          __root const CFG_HDR cfghdr_02_01_end={CFG_LEVEL,"",0,0};
   \                     cfghdr_02_01_end:
   \   00000000   09000000           DC32 9
   \   00000004   00                 DC8 ""
   \   00000005   000000000000       DC8 0, 0, 0, 0, 0, 0, 0, 0, 0, 0, 0, 0, 0, 0, 0, 0
   \              000000000000
   \              00000000    
   \   00000015   000000000000       DC8 0, 0, 0, 0, 0, 0, 0, 0, 0, 0, 0, 0, 0, 0, 0
   \              000000000000
   \              000000      
   \   00000024   000000000000       DC32 0, 0
   \              0000        
    159          
    160          

   \                                 In segment CONFIG_C, align 4, align-sorted, root
    161          __root const CFG_HDR cfghdr_02_end={CFG_LEVEL,"",0,0};
   \                     cfghdr_02_end:
   \   00000000   09000000           DC32 9
   \   00000004   00                 DC8 ""
   \   00000005   000000000000       DC8 0, 0, 0, 0, 0, 0, 0, 0, 0, 0, 0, 0, 0, 0, 0, 0
   \              000000000000
   \              00000000    
   \   00000015   000000000000       DC8 0, 0, 0, 0, 0, 0, 0, 0, 0, 0, 0, 0, 0, 0, 0
   \              000000000000
   \              000000      
   \   00000024   000000000000       DC32 0, 0
   \              0000        
    162          
    163          
    164          
    165          
    166          
    167          


   Segment part sizes:

     Function/Label     Bytes
     --------------     -----
     cfghdr_01_begin      44
     cfghdr_01_00_begin   44
     cfghdr_01_00__1      44
     bcfg_csm_act          4
     cfghdr_01_00__1c     64
     cfghdr_01_00__2      44
     bcfg_markcsm_ena      4
     cfghdr_01_00_end     44
     cfghdr_01_01_begin   44
     cfghdr_01_01__1      44
     bcfg_0x136_ena        4
     cfghdr_01_01__2      44
     bcfg_0x137_ena        4
     cfghdr_01_01__3      44
     bcfg_0x138_ena        4
     cfghdr_01_01__4      44
     bcfg_0x139_ena        4
     cfghdr_01_01__5      44
     bcfg_0x13A_ena        4
     cfghdr_01_01_end     44
     cfghdr_01_02_begin   44
     cfghdr_01_02__1      44
     bcfg_0x152_ena        4
     cfghdr_01_02__2      44
     bcfg_0x167_ena        4
     cfghdr_01_02__3      44
     bcfg_0x217_ena        4
     cfghdr_01_02_end     44
     cfghdr_01_03_begin   44
     cfghdr_01_03__1      44
     bcfg_0x04A_ena        4
     cfghdr_01_03__2      44
     bcfg_0x099_ena        4
     cfghdr_01_03_end     44
     cfghdr_01_04_begin   44
     cfghdr_01_04__1      44
     bcfg_fss_fstype       4
     cfghdr_01_04__01c    64
     cfghdr_01_04__2      44
     bcfg_fss_type         4
     cfghdr_01_04__2c     96
     cfghdr_01_04__3      44
     bcfg_fss_key          4
     cfghdr_01_04__4      44
     bcfg_fss_msg          4
     cfghdr_01_04_end     44
     cfghdr_01_05_begin   44
     cfghdr_01_05__1      44
     bcfg_isnsg            4
     cfghdr_01_05__1c     96
     cfghdr_01_05_end     44
     cfghdr_01_end        44
     cfghdr_02_begin      44
     cfghdr_02__01        44
     bcfg_ka_type          4
     cfghdr_02__01c       64
     cfghdr_02__02        44
     bcfg_type             4
     cfghdr_02__02c       96
     cfghdr_02__03        44
     bcfg_key              4
     cfghdr_02__04        44
     bcfg_msg              4
     cfghdr_02_01_begin   44
     cfghdr_02_01__1      44
     bcfg_ls_ena           4
     cfghdr_02_01__2      44
     bcfg_rs_ena           4
     cfghdr_02_01__3      44
     bcfg_ub_ena           4
     cfghdr_02_01__4      44
     bcfg_db_ena           4
     cfghdr_02_01__5      44
     bcfg_lb_ena           4
     cfghdr_02_01__6      44
     bcfg_rb_ena           4
     cfghdr_02_01_end     44
     cfghdr_02_end        44

 
 2 568 bytes in segment CONFIG_C
 
 2 568 bytes of CONST memory

Errors: none
Warnings: none
