###############################################################################
#                                                                             #
#     IAR Systems ARM Assembler V4.42A/W32 09/May/2010  02:40:20              #
#     Copyright 1999-2007 IAR Systems. All rights reserved.                   #
#                                                                             #
#           Source file   =  E:\ELFLoader\config\sub_CX75sw25.asm             #
#           List file     =  E:\ELFLoader\CX6Cv50\List\sub_CX75sw25.lst       #
#           Object file   =  E:\ELFLoader\CX6Cv50\Obj\sub_CX75sw25.r79        #
#           Command line  =  E:\ELFLoader\config\sub_CX75sw25.asm             #
#                            -OE:\ELFLoader\CX6Cv50\Obj\ -s+ -M<> -w+         #
#                            -DNOTALIGN -LE:\ELFLoader\CX6Cv50\List\ -cE -t8  #
#                            --cpu ARM926EJ-S --fpu None                      #
#                            -IF:\software\Embedded Workbench 4.0 Evaluation\ARM\INC\ #
#                                                                             #
###############################################################################

    1    00000000              
    2    00000000                RSEG CODE:CODE
    3    00000000                
    4    00000000                PUBLIC  oldDrawObj_sub_1
    5    00000000                
    6    00000000              oldDrawObj_sub_1:
    7    00000000 F55E7FA0       DCD 0xA07F5EF4+1
    8    00000004                
    9    00000000                PUBLIC  oldDrawObj_sub_2
   10    00000004                
   11    00000004              oldDrawObj_sub_2:
   12    00000004 27D07FA0       DCD 0xA07FD026+1
   13    00000008              
   14    00000008                END
##############################
#          CRC:1C87          #
#        Errors:   0         #
#        Warnings: 0         #
#          Bytes: 8          #
##############################



